This is pdfTeX, Version 3.14159265-2.6-1.40.19 (TeX Live 2018) (preloaded format=pdflatex 2019.2.18)  19 AUG 2019 16:07
entering extended mode
 restricted \write18 enabled.
 %&-line parsing enabled.
**DielectricFluxTrap_arxiv_thesis.tex
(./DielectricFluxTrap_arxiv_thesis.tex
LaTeX2e <2018-12-01>
(/usr/local/texlive/2018/texmf-dist/tex/latex/base/report.cls
Document Class: report 2018/09/03 v1.4i Standard LaTeX document class
(/usr/local/texlive/2018/texmf-dist/tex/latex/base/size10.clo
File: size10.clo 2018/09/03 v1.4i Standard LaTeX file (size option)
)
\c@part=\count80
\c@chapter=\count81
\c@section=\count82
\c@subsection=\count83
\c@subsubsection=\count84
\c@paragraph=\count85
\c@subparagraph=\count86
\c@figure=\count87
\c@table=\count88
\abovecaptionskip=\skip41
\belowcaptionskip=\skip42
\bibindent=\dimen102
)
(/usr/local/texlive/2018/texmf-dist/tex/generic/epsf/epsf.sty
This is `epsf.tex' v2.7.4 <14 February 2011>
\epsffilein=\read1
\epsfframemargin=\dimen103
\epsfframethickness=\dimen104
\epsfrsize=\dimen105
\epsftmp=\dimen106
\epsftsize=\dimen107
\epsfxsize=\dimen108
\epsfysize=\dimen109
\pspoints=\dimen110
) (/usr/local/texlive/2018/texmf-dist/tex/latex/base/fontenc.sty
Package: fontenc 2018/08/11 v2.0j Standard LaTeX package

(/usr/local/texlive/2018/texmf-dist/tex/latex/base/t1enc.def
File: t1enc.def 2018/08/11 v2.0j Standard LaTeX file
LaTeX Font Info:    Redeclaring font encoding T1 on input line 48.
))
(/usr/local/texlive/2018/texmf-dist/tex/latex/base/inputenc.sty
Package: inputenc 2018/08/11 v1.3c Input encoding file
\inpenc@prehook=\toks14
\inpenc@posthook=\toks15
)
(/usr/local/texlive/2018/texmf-dist/tex/latex/amsmath/amstext.sty
Package: amstext 2000/06/29 v2.01 AMS text

(/usr/local/texlive/2018/texmf-dist/tex/latex/amsmath/amsgen.sty
File: amsgen.sty 1999/11/30 v2.0 generic functions
\@emptytoks=\toks16
\ex@=\dimen111
))
(/usr/local/texlive/2018/texmf-dist/tex/latex/graphics/graphicx.sty
Package: graphicx 2017/06/01 v1.1a Enhanced LaTeX Graphics (DPC,SPQR)

(/usr/local/texlive/2018/texmf-dist/tex/latex/graphics/keyval.sty
Package: keyval 2014/10/28 v1.15 key=value parser (DPC)
\KV@toks@=\toks17
)
(/usr/local/texlive/2018/texmf-dist/tex/latex/graphics/graphics.sty
Package: graphics 2017/06/25 v1.2c Standard LaTeX Graphics (DPC,SPQR)

(/usr/local/texlive/2018/texmf-dist/tex/latex/graphics/trig.sty
Package: trig 2016/01/03 v1.10 sin cos tan (DPC)
)
(/usr/local/texlive/2018/texmf-dist/tex/latex/graphics-cfg/graphics.cfg
File: graphics.cfg 2016/06/04 v1.11 sample graphics configuration
)
Package graphics Info: Driver file: pdftex.def on input line 99.

(/usr/local/texlive/2018/texmf-dist/tex/latex/graphics-def/pdftex.def
File: pdftex.def 2018/01/08 v1.0l Graphics/color driver for pdftex
))
\Gin@req@height=\dimen112
\Gin@req@width=\dimen113
)
(/usr/local/texlive/2018/texmf-dist/tex/latex/amsfonts/amssymb.sty
Package: amssymb 2013/01/14 v3.01 AMS font symbols

(/usr/local/texlive/2018/texmf-dist/tex/latex/amsfonts/amsfonts.sty
Package: amsfonts 2013/01/14 v3.01 Basic AMSFonts support
\symAMSa=\mathgroup4
\symAMSb=\mathgroup5
LaTeX Font Info:    Overwriting math alphabet `\mathfrak' in version `bold'
(Font)                  U/euf/m/n --> U/euf/b/n on input line 106.
))
(/usr/local/texlive/2018/texmf-dist/tex/latex/multirow/multirow.sty
Package: multirow 2019/01/01 v2.4 Span multiple rows of a table
\multirow@colwidth=\skip43
\multirow@cntb=\count89
\multirow@dima=\skip44
\bigstrutjot=\dimen114
)
(/usr/local/texlive/2018/texmf-dist/tex/latex/commath/commath.sty
(/usr/local/texlive/2018/texmf-dist/tex/latex/base/ifthen.sty
Package: ifthen 2014/09/29 v1.1c Standard LaTeX ifthen package (DPC)
)
(/usr/local/texlive/2018/texmf-dist/tex/latex/amsmath/amsmath.sty
Package: amsmath 2018/12/01 v2.17b AMS math features
\@mathmargin=\skip45

For additional information on amsmath, use the `?' option.
(/usr/local/texlive/2018/texmf-dist/tex/latex/amsmath/amsbsy.sty
Package: amsbsy 1999/11/29 v1.2d Bold Symbols
\pmbraise@=\dimen115
)
(/usr/local/texlive/2018/texmf-dist/tex/latex/amsmath/amsopn.sty
Package: amsopn 2016/03/08 v2.02 operator names
)
\inf@bad=\count90
LaTeX Info: Redefining \frac on input line 223.
\uproot@=\count91
\leftroot@=\count92
LaTeX Info: Redefining \overline on input line 385.
\classnum@=\count93
\DOTSCASE@=\count94
LaTeX Info: Redefining \ldots on input line 482.
LaTeX Info: Redefining \dots on input line 485.
LaTeX Info: Redefining \cdots on input line 606.
\Mathstrutbox@=\box27
\strutbox@=\box28
\big@size=\dimen116
LaTeX Font Info:    Redeclaring font encoding OML on input line 729.
LaTeX Font Info:    Redeclaring font encoding OMS on input line 730.
\macc@depth=\count95
\c@MaxMatrixCols=\count96
\dotsspace@=\muskip10
\c@parentequation=\count97
\dspbrk@lvl=\count98
\tag@help=\toks18
\row@=\count99
\column@=\count100
\maxfields@=\count101
\andhelp@=\toks19
\eqnshift@=\dimen117
\alignsep@=\dimen118
\tagshift@=\dimen119
\tagwidth@=\dimen120
\totwidth@=\dimen121
\lineht@=\dimen122
\@envbody=\toks20
\multlinegap=\skip46
\multlinetaggap=\skip47
\mathdisplay@stack=\toks21
LaTeX Info: Redefining \[ on input line 2844.
LaTeX Info: Redefining \] on input line 2845.
))
(/usr/local/texlive/2018/texmf-dist/tex/latex/tools/verbatim.sty
Package: verbatim 2014/10/28 v1.5q LaTeX2e package for verbatim enhancements
\every@verbatim=\toks22
\verbatim@line=\toks23
\verbatim@in@stream=\read2
)
(/usr/local/texlive/2018/texmf-dist/tex/latex/comment/comment.sty
\CommentStream=\write3

Excluding comment 'comment')
(/usr/local/texlive/2018/texmf-dist/tex/latex/setspace/setspace.sty
Package: setspace 2011/12/19 v6.7a set line spacing
)
(./DielectricFluxTrap_arxiv_thesis.aux

LaTeX Warning: Label `megrant2012' multiply defined.


LaTeX Warning: Label `nsanzineza2014' multiply defined.

)
\openout1 = `DielectricFluxTrap_arxiv_thesis.aux'.

LaTeX Font Info:    Checking defaults for OML/cmm/m/it on input line 25.
LaTeX Font Info:    ... okay on input line 25.
LaTeX Font Info:    Checking defaults for T1/cmr/m/n on input line 25.
LaTeX Font Info:    ... okay on input line 25.
LaTeX Font Info:    Checking defaults for OT1/cmr/m/n on input line 25.
LaTeX Font Info:    ... okay on input line 25.
LaTeX Font Info:    Checking defaults for OMS/cmsy/m/n on input line 25.
LaTeX Font Info:    ... okay on input line 25.
LaTeX Font Info:    Checking defaults for OMX/cmex/m/n on input line 25.
LaTeX Font Info:    ... okay on input line 25.
LaTeX Font Info:    Checking defaults for U/cmr/m/n on input line 25.
LaTeX Font Info:    ... okay on input line 25.
 (/usr/local/texlive/2018/texmf-dist/tex/context/base/mkii/supp-pdf.mkii
[Loading MPS to PDF converter (version 2006.09.02).]
\scratchcounter=\count102
\scratchdimen=\dimen123
\scratchbox=\box29
\nofMPsegments=\count103
\nofMParguments=\count104
\everyMPshowfont=\toks24
\MPscratchCnt=\count105
\MPscratchDim=\dimen124
\MPnumerator=\count106
\makeMPintoPDFobject=\count107
\everyMPtoPDFconversion=\toks25
) (/usr/local/texlive/2018/texmf-dist/tex/latex/oberdiek/epstopdf-base.sty
Package: epstopdf-base 2016/05/15 v2.6 Base part for package epstopdf

(/usr/local/texlive/2018/texmf-dist/tex/generic/oberdiek/infwarerr.sty
Package: infwarerr 2016/05/16 v1.4 Providing info/warning/error messages (HO)
)
(/usr/local/texlive/2018/texmf-dist/tex/latex/oberdiek/grfext.sty
Package: grfext 2016/05/16 v1.2 Manage graphics extensions (HO)

(/usr/local/texlive/2018/texmf-dist/tex/generic/oberdiek/kvdefinekeys.sty
Package: kvdefinekeys 2016/05/16 v1.4 Define keys (HO)

(/usr/local/texlive/2018/texmf-dist/tex/generic/oberdiek/ltxcmds.sty
Package: ltxcmds 2016/05/16 v1.23 LaTeX kernel commands for general use (HO)
)))
(/usr/local/texlive/2018/texmf-dist/tex/latex/oberdiek/kvoptions.sty
Package: kvoptions 2016/05/16 v3.12 Key value format for package options (HO)

(/usr/local/texlive/2018/texmf-dist/tex/generic/oberdiek/kvsetkeys.sty
Package: kvsetkeys 2016/05/16 v1.17 Key value parser (HO)

(/usr/local/texlive/2018/texmf-dist/tex/generic/oberdiek/etexcmds.sty
Package: etexcmds 2016/05/16 v1.6 Avoid name clashes with e-TeX commands (HO)

(/usr/local/texlive/2018/texmf-dist/tex/generic/oberdiek/ifluatex.sty
Package: ifluatex 2016/05/16 v1.4 Provides the ifluatex switch (HO)
Package ifluatex Info: LuaTeX not detected.
)
Package etexcmds Info: Could not find \expanded.
(etexcmds)             That can mean that you are not using pdfTeX 1.50 or
(etexcmds)             that some package has redefined \expanded.
(etexcmds)             In the latter case, load this package earlier.
)))
(/usr/local/texlive/2018/texmf-dist/tex/generic/oberdiek/pdftexcmds.sty
Package: pdftexcmds 2018/09/10 v0.29 Utility functions of pdfTeX for LuaTeX (HO
)

(/usr/local/texlive/2018/texmf-dist/tex/generic/oberdiek/ifpdf.sty
Package: ifpdf 2018/09/07 v3.3 Provides the ifpdf switch
)
Package pdftexcmds Info: LuaTeX not detected.
Package pdftexcmds Info: \pdf@primitive is available.
Package pdftexcmds Info: \pdf@ifprimitive is available.
Package pdftexcmds Info: \pdfdraftmode found.
)
Package epstopdf-base Info: Redefining graphics rule for `.eps' on input line 4
38.
Package grfext Info: Graphics extension search list:
(grfext)             [.pdf,.png,.jpg,.mps,.jpeg,.jbig2,.jb2,.PDF,.PNG,.JPG,.JPE
G,.JBIG2,.JB2,.eps]
(grfext)             \AppendGraphicsExtensions on input line 456.

(/usr/local/texlive/2018/texmf-dist/tex/latex/latexconfig/epstopdf-sys.cfg
File: epstopdf-sys.cfg 2010/07/13 v1.3 Configuration of (r)epstopdf for TeX Liv
e
))
Excluding 'comment' comment.
LaTeX Font Info:    Try loading font information for U+msa on input line 90.

(/usr/local/texlive/2018/texmf-dist/tex/latex/amsfonts/umsa.fd
File: umsa.fd 2013/01/14 v3.01 AMS symbols A
)
LaTeX Font Info:    Try loading font information for U+msb on input line 90.

(/usr/local/texlive/2018/texmf-dist/tex/latex/amsfonts/umsb.fd
File: umsb.fd 2013/01/14 v3.01 AMS symbols B
) [1

{/usr/local/texlive/2018/texmf-var/fonts/map/pdftex/updmap/pdftex.map}] [2]
<DielectricFluxTrap_ExpSchematic_arxiv_Rev2.pdf, id=19, 412.54124pt x 950.55125
pt>
File: DielectricFluxTrap_ExpSchematic_arxiv_Rev2.pdf Graphic file (type pdf)
<use DielectricFluxTrap_ExpSchematic_arxiv_Rev2.pdf>
Package pdftex.def Info: DielectricFluxTrap_ExpSchematic_arxiv_Rev2.pdf  used o
n input line 105.
(pdftex.def)             Requested size: 200.0pt x 460.82825pt.


LaTeX Warning: Float too large for page by 28.77222pt on input line 111.

<DielectricFluxTrap_ExpData_arxiv_Rev2c_proof_revision1.pdf, id=20, 728.7225pt 
x 604.2575pt>
File: DielectricFluxTrap_ExpData_arxiv_Rev2c_proof_revision1.pdf Graphic file (
type pdf)
<use DielectricFluxTrap_ExpData_arxiv_Rev2c_proof_revision1.pdf>
Package pdftex.def Info: DielectricFluxTrap_ExpData_arxiv_Rev2c_proof_revision1
.pdf  used on input line 120.
(pdftex.def)             Requested size: 400.0pt x 331.6788pt.

Overfull \hbox (55.0pt too wide) in paragraph at lines 120--121
 [] 
 []

[3] [4 <./DielectricFluxTrap_ExpSchematic_arxiv_Rev2.pdf>] [5 <./DielectricFlux
Trap_ExpData_arxiv_Rev2c_proof_revision1.pdf>]
Overfull \hbox (3.0862pt too wide) in paragraph at lines 129--130
[] \T1/cmr/m/n/10 we ob-serve that res-onators
 []

[6] [7]
Overfull \hbox (2.11334pt too wide) in paragraph at lines 146--147
[]\T1/cmr/m/n/10 We have char-ac-ter-ized dis-si-pa-tion from ar-rays of flux-t
rapping holes in SCPW
 []

[8] [9] [10

] [11] [12] [13]
<DielectricFluxTrap_Supp_Rev2_basicfit.jpg, id=1429, 561.48232pt x 254.7578pt>
File: DielectricFluxTrap_Supp_Rev2_basicfit.jpg Graphic file (type jpg)
<use DielectricFluxTrap_Supp_Rev2_basicfit.jpg>
Package pdftex.def Info: DielectricFluxTrap_Supp_Rev2_basicfit.jpg  used on inp
ut line 217.
(pdftex.def)             Requested size: 240.0pt x 108.89453pt.
 [14

]
<DielectricFluxTrap_Supp_Rev2_qnovortex.pdf, id=1435, 1439.3775pt x 778.91pt>
File: DielectricFluxTrap_Supp_Rev2_qnovortex.pdf Graphic file (type pdf)
<use DielectricFluxTrap_Supp_Rev2_qnovortex.pdf>
Package pdftex.def Info: DielectricFluxTrap_Supp_Rev2_qnovortex.pdf  used on in
put line 232.
(pdftex.def)             Requested size: 230.0pt x 124.46175pt.
<DielectricFluxTrap_Supp_Rev2_meander.jpg, id=1436, 1292.83pt x 969.6225pt>
File: DielectricFluxTrap_Supp_Rev2_meander.jpg Graphic file (type jpg)
<use DielectricFluxTrap_Supp_Rev2_meander.jpg>
Package pdftex.def Info: DielectricFluxTrap_Supp_Rev2_meander.jpg  used on inpu
t line 242.
(pdftex.def)             Requested size: 240.0pt x 179.99875pt.
 [15 <./DielectricFluxTrap_Supp_Rev2_basicfit.jpg>]
<DielectricFluxTrap_Supp_Rev2_fullfield.pdf, id=1440, 1548.78625pt x 794.97pt>
File: DielectricFluxTrap_Supp_Rev2_fullfield.pdf Graphic file (type pdf)
<use DielectricFluxTrap_Supp_Rev2_fullfield.pdf>
Package pdftex.def Info: DielectricFluxTrap_Supp_Rev2_fullfield.pdf  used on in
put line 254.
(pdftex.def)             Requested size: 240.0pt x 123.18268pt.
 [16 <./DielectricFluxTrap_Supp_Rev2_qnovortex.pdf>] [17 <./DielectricFluxTrap_
Supp_Rev2_meander.jpg> <./DielectricFluxTrap_Supp_Rev2_fullfield.pdf>]
[18] [19

] (./DielectricFluxTrap_arxiv_thesis.aux)

LaTeX Warning: There were multiply-defined labels.

 ) 
Here is how much of TeX's memory you used:
 2966 strings out of 492616
 39760 string characters out of 6128982
 107774 words of memory out of 5000000
 6813 multiletter control sequences out of 15000+600000
 12187 words of font info for 31 fonts, out of 8000000 for 9000
 1141 hyphenation exceptions out of 8191
 41i,12n,27p,1470b,269s stack positions out of 5000i,500n,10000p,200000b,80000s
{/usr/local/texlive/2018/texmf-dist/fonts/enc/dvips/cm-super/cm-super-t1.enc}
</usr/local/texlive/2018/texmf-dist/fonts/type1/public/amsfonts/cm/cmex10.pfb><
/usr/local/texlive/2018/texmf-dist/fonts/type1/public/amsfonts/cm/cmmi10.pfb></
usr/local/texlive/2018/texmf-dist/fonts/type1/public/amsfonts/cm/cmmi5.pfb></us
r/local/texlive/2018/texmf-dist/fonts/type1/public/amsfonts/cm/cmmi7.pfb></usr/
local/texlive/2018/texmf-dist/fonts/type1/public/amsfonts/cm/cmr10.pfb></usr/lo
cal/texlive/2018/texmf-dist/fonts/type1/public/amsfonts/cm/cmr5.pfb></usr/local
/texlive/2018/texmf-dist/fonts/type1/public/amsfonts/cm/cmr7.pfb></usr/local/te
xlive/2018/texmf-dist/fonts/type1/public/amsfonts/cm/cmsy10.pfb></usr/local/tex
live/2018/texmf-dist/fonts/type1/public/amsfonts/cm/cmsy7.pfb></usr/local/texli
ve/2018/texmf-dist/fonts/type1/public/amsfonts/symbols/msam10.pfb></usr/local/t
exlive/2018/texmf-dist/fonts/type1/public/cm-super/sfbx1000.pfb></usr/local/tex
live/2018/texmf-dist/fonts/type1/public/cm-super/sfbx1440.pfb></usr/local/texli
ve/2018/texmf-dist/fonts/type1/public/cm-super/sfbx2488.pfb></usr/local/texlive
/2018/texmf-dist/fonts/type1/public/cm-super/sfrm0500.pfb></usr/local/texlive/2
018/texmf-dist/fonts/type1/public/cm-super/sfrm0700.pfb></usr/local/texlive/201
8/texmf-dist/fonts/type1/public/cm-super/sfrm1000.pfb></usr/local/texlive/2018/
texmf-dist/fonts/type1/public/cm-super/sfti1000.pfb>
Output written on DielectricFluxTrap_arxiv_thesis.pdf (19 pages, 7218344 bytes)
.
PDF statistics:
 2127 PDF objects out of 2487 (max. 8388607)
 1413 compressed objects within 15 object streams
 0 named destinations out of 1000 (max. 500000)
 31 words of extra memory for PDF output out of 10000 (max. 10000000)

