This is LuaTeX, Version 1.07.0 (TeX Live 2018)  (format=lualatex 2019.2.18)  22 AUG 2019 16:59
 restricted system commands enabled.
**main_UCSB_submission.tex
(./main_UCSB_submission.tex
LaTeX2e <2018-12-01>
Lua module: luaotfload-main 2019-01-28 2.95 luaotfload entry point
Lua module: luaotfload-init 2019-01-28 2.95 luaotfload submodule / initializatio
n
Lua module: lualibs 2019-01-28 2.63 ConTeXt Lua standard libraries.
Lua module: lualibs-extended 2019-01-28 2.63 ConTeXt Lua libraries -- extended c
ollection.
Lua module: luaotfload-log 2019-01-28 2.95 luaotfload submodule / logging
Lua module: luaotfload-parsers 2019-01-28 2.95 luaotfload submodule / filelist
Lua module: luaotfload-configuration 2019-01-28 2.95 luaotfload submodule / conf
ig file reader
luaotfload | conf : Root cache directory is /Users/ben/Library/texlive/2018/texm
f-var/luatex-cache/generic/names.
luaotfload | init : Loading fontloader “fontloader-2019-01-28.lua” from kpse
-resolved path “/usr/local/texlive/2018/texmf-dist/tex/luatex/luaotfload/fontl
oader-2019-01-28.lua”.
Lua-only attribute luaotfload@state = 1
Lua-only attribute luaotfload@noligature = 2
Lua-only attribute luaotfload@syllabe = 3
luaotfload | init : Context OpenType loader version “3.107”
Inserting `luaotfload.node_processor' at position 1 in `pre_linebreak_filter'.
Inserting `luaotfload.node_processor' at position 1 in `hpack_filter'.
Lua module: luaotfload-loaders 2019-01-28 2.95 luaotfload submodule / callback h
andling
Inserting `luaotfload.define_font' at position 1 in `define_font'.
Lua module: luaotfload-database 2019-01-28 2.95 luaotfload submodule / database
Lua module: luaotfload-colors 2019-01-28 2.95 luaotfload submodule / color
Lua-only attribute luaotfload_color_attribute = 4
Lua module: luaotfload-resolvers 2019-01-28 2.95 luaotfload submodule / resolver
s
luaotfload | conf : Root cache directory is /Users/ben/Library/texlive/2018/texm
f-var/luatex-cache/generic/names.
Lua module: luaotfload-features 2019-01-28 2.95 luaotfload submodule / features
Lua module: luaotfload-letterspace 2019-01-28 2.95 luaotfload submodule / color
Lua module: luaotfload-auxiliary 2019-01-28 2.95 luaotfload submodule / auxiliar
y functions
Inserting `luaotfload.aux.set_sscale_dimens' at position 1 in `luaotfload.patch_
font'.
Inserting `luaotfload.aux.patch_cambria_domh' at position 2 in `luaotfload.patch
_font'.
Inserting `luaotfload.aux.fixup_fontdata' at position 1 in `luaotfload.patch_fon
t_unsafe'.
Inserting `luaotfload.aux.set_capheight' at position 3 in `luaotfload.patch_font
'.
Inserting `luaotfload.rewrite_fontname' at position 4 in `luaotfload.patch_font'
.
luaotfload | main : initialization completed in 0.131 seconds
(./ucsbthesis.cls
Document Class: ucsbthesis 2014/09/11 UCSB thesis
(/usr/local/texlive/2018/texmf-dist/tex/latex/base/book.cls
Document Class: book 2018/09/03 v1.4i Standard LaTeX document class
(/usr/local/texlive/2018/texmf-dist/tex/latex/base/bk12.clo
File: bk12.clo 2018/09/03 v1.4i Standard LaTeX file (size option)
luaotfload | db : Font names database loaded from /Users/ben/Library/texlive/201
8/texmf-var/luatex-cache/generic/names/luaotfload-names.luc)
\c@part=\count80
\c@chapter=\count81
\c@section=\count82
\c@subsection=\count83
\c@subsubsection=\count84
\c@paragraph=\count85
\c@subparagraph=\count86
\c@figure=\count87
\c@table=\count88
\abovecaptionskip=\skip41
\belowcaptionskip=\skip42
\bibindent=\dimen102
)
(/usr/local/texlive/2018/texmf-dist/tex/latex/geometry/geometry.sty
Package: geometry 2018/04/16 v5.8 Page Geometry

(/usr/local/texlive/2018/texmf-dist/tex/latex/graphics/keyval.sty
Package: keyval 2014/10/28 v1.15 key=value parser (DPC)
\KV@toks@=\toks14
)
(/usr/local/texlive/2018/texmf-dist/tex/generic/oberdiek/ifpdf.sty
Package: ifpdf 2018/09/07 v3.3 Provides the ifpdf switch
)
(/usr/local/texlive/2018/texmf-dist/tex/generic/oberdiek/ifvtex.sty
Package: ifvtex 2016/05/16 v1.6 Detect VTeX and its facilities (HO)
Package ifvtex Info: VTeX not detected.
)
(/usr/local/texlive/2018/texmf-dist/tex/generic/ifxetex/ifxetex.sty
Package: ifxetex 2010/09/12 v0.6 Provides ifxetex conditional
)
\Gm@cnth=\count89
\Gm@cntv=\count90
\c@Gm@tempcnt=\count91
\Gm@bindingoffset=\dimen103
\Gm@wd@mp=\dimen104
\Gm@odd@mp=\dimen105
\Gm@even@mp=\dimen106
\Gm@layoutwidth=\dimen107
\Gm@layoutheight=\dimen108
\Gm@layouthoffset=\dimen109
\Gm@layoutvoffset=\dimen110
\Gm@dimlist=\toks15
)
(/usr/local/texlive/2018/texmf-dist/tex/latex/setspace/setspace.sty
Package: setspace 2011/12/19 v6.7a set line spacing
)
(/usr/local/texlive/2018/texmf-dist/tex/latex/amsmath/amsmath.sty
Package: amsmath 2018/12/01 v2.17b AMS math features
\@mathmargin=\skip43

For additional information on amsmath, use the `?' option.
(/usr/local/texlive/2018/texmf-dist/tex/latex/amsmath/amstext.sty
Package: amstext 2000/06/29 v2.01 AMS text

(/usr/local/texlive/2018/texmf-dist/tex/latex/amsmath/amsgen.sty
File: amsgen.sty 1999/11/30 v2.0 generic functions
\@emptytoks=\toks16
\ex@=\dimen111
))
(/usr/local/texlive/2018/texmf-dist/tex/latex/amsmath/amsbsy.sty
Package: amsbsy 1999/11/29 v1.2d Bold Symbols
\pmbraise@=\dimen112
)
(/usr/local/texlive/2018/texmf-dist/tex/latex/amsmath/amsopn.sty
Package: amsopn 2016/03/08 v2.02 operator names
)
\inf@bad=\count92
LaTeX Info: Redefining \frac on input line 223.
\uproot@=\count93
\leftroot@=\count94
LaTeX Info: Redefining \overline on input line 385.
\classnum@=\count95
\DOTSCASE@=\count96
LaTeX Info: Redefining \ldots on input line 482.
LaTeX Info: Redefining \dots on input line 485.
LaTeX Info: Redefining \cdots on input line 606.
\Mathstrutbox@=\box27
\strutbox@=\box28
\big@size=\dimen113
LaTeX Font Info:    Redeclaring font encoding OML on input line 729.
LaTeX Font Info:    Redeclaring font encoding OMS on input line 730.
\macc@depth=\count97
\c@MaxMatrixCols=\count98
\dotsspace@=\muskip10
\c@parentequation=\count99
\dspbrk@lvl=\count100
\tag@help=\toks17
\row@=\count101
\column@=\count102
\maxfields@=\count103
\andhelp@=\toks18
\eqnshift@=\dimen114
\alignsep@=\dimen115
\tagshift@=\dimen116
\tagwidth@=\dimen117
\totwidth@=\dimen118
\lineht@=\dimen119
\@envbody=\toks19
\multlinegap=\skip44
\multlinetaggap=\skip45
\mathdisplay@stack=\toks20
LaTeX Info: Redefining \[ on input line 2844.
LaTeX Info: Redefining \] on input line 2845.
)
(/usr/local/texlive/2018/texmf-dist/tex/latex/base/makeidx.sty
Package: makeidx 2014/09/29 v1.0m Standard LaTeX package
))
(./main_content.tex (./packages.tex
(/usr/local/texlive/2018/texmf-dist/tex/latex/biblatex/biblatex.sty
Package: biblatex 2018/11/02 v3.12 programmable bibliographies (PK/MW)

(/usr/local/texlive/2018/texmf-dist/tex/generic/oberdiek/pdftexcmds.sty
Package: pdftexcmds 2018/09/10 v0.29 Utility functions of pdfTeX for LuaTeX (HO)


(/usr/local/texlive/2018/texmf-dist/tex/generic/oberdiek/infwarerr.sty
Package: infwarerr 2016/05/16 v1.4 Providing info/warning/error messages (HO)
)
(/usr/local/texlive/2018/texmf-dist/tex/generic/oberdiek/ifluatex.sty
Package: ifluatex 2016/05/16 v1.4 Provides the ifluatex switch (HO)
Package ifluatex Info: LuaTeX detected.
)
(/usr/local/texlive/2018/texmf-dist/tex/generic/oberdiek/ltxcmds.sty
Package: ltxcmds 2016/05/16 v1.23 LaTeX kernel commands for general use (HO)
)
Package pdftexcmds Info: \pdf@primitive is available.
Package pdftexcmds Info: \pdf@ifprimitive is available.
Package pdftexcmds Info: \pdfdraftmode found.
\pdftexcmds@toks=\toks21
)
(/usr/local/texlive/2018/texmf-dist/tex/latex/etoolbox/etoolbox.sty
Package: etoolbox 2018/08/19 v2.5f e-TeX tools for LaTeX (JAW)
\etb@tempcnta=\count104
)
(/usr/local/texlive/2018/texmf-dist/tex/latex/oberdiek/kvoptions.sty
Package: kvoptions 2016/05/16 v3.12 Key value format for package options (HO)

(/usr/local/texlive/2018/texmf-dist/tex/generic/oberdiek/kvsetkeys.sty
Package: kvsetkeys 2016/05/16 v1.17 Key value parser (HO)

(/usr/local/texlive/2018/texmf-dist/tex/generic/oberdiek/etexcmds.sty
Package: etexcmds 2016/05/16 v1.6 Avoid name clashes with e-TeX commands (HO)
)))
(/usr/local/texlive/2018/texmf-dist/tex/latex/logreq/logreq.sty
Package: logreq 2010/08/04 v1.0 xml request logger
\lrq@indent=\count105

(/usr/local/texlive/2018/texmf-dist/tex/latex/logreq/logreq.def
File: logreq.def 2010/08/04 v1.0 logreq spec v1.0
))
(/usr/local/texlive/2018/texmf-dist/tex/latex/base/ifthen.sty
Package: ifthen 2014/09/29 v1.1c Standard LaTeX ifthen package (DPC)
)
(/usr/local/texlive/2018/texmf-dist/tex/latex/url/url.sty
\Urlmuskip=\muskip11
Package: url 2013/09/16  ver 3.4  Verb mode for urls, etc.
)
\c@tabx@nest=\count106
\c@listtotal=\count107
\c@listcount=\count108
\c@liststart=\count109
\c@liststop=\count110
\c@citecount=\count111
\c@citetotal=\count112
\c@multicitecount=\count113
\c@multicitetotal=\count114
\c@instcount=\count115
\c@maxnames=\count116
\c@minnames=\count117
\c@maxitems=\count118
\c@minitems=\count119
\c@citecounter=\count120
\c@maxcitecounter=\count121
\c@savedcitecounter=\count122
\c@uniquelist=\count123
\c@uniquename=\count124
\c@refsection=\count125
\c@refsegment=\count126
\c@maxextratitle=\count127
\c@maxextratitleyear=\count128
\c@maxextraname=\count129
\c@maxextradate=\count130
\c@maxextraalpha=\count131
\c@abbrvpenalty=\count132
\c@highnamepenalty=\count133
\c@lownamepenalty=\count134
\c@maxparens=\count135
\c@parenlevel=\count136
\blx@tempcnta=\count137
\blx@tempcntb=\count138
\blx@tempcntc=\count139
\blx@maxsection=\count140
\blx@maxsegment@0=\count141
\blx@notetype=\count142
\blx@parenlevel@text=\count143
\blx@parenlevel@foot=\count144
\blx@sectionciteorder@0=\count145
\blx@entrysetcounter=\count146
\labelnumberwidth=\skip46
\labelalphawidth=\skip47
\biblabelsep=\skip48
\bibitemsep=\skip49
\bibnamesep=\skip50
\bibinitsep=\skip51
\bibparsep=\skip52
\bibhang=\skip53
\blx@bcfin=\read1
\blx@bcfout=\write3
\c@mincomprange=\count147
\c@maxcomprange=\count148
\c@mincompwidth=\count149
Package biblatex Info: Trying to load biblatex default data model...
Package biblatex Info: ... file 'blx-dm.def' found.

(/usr/local/texlive/2018/texmf-dist/tex/latex/biblatex/blx-dm.def
File: blx-dm.def 2018/11/02 v3.12 biblatex localization (PK/MW)
)
Package biblatex Info: Trying to load biblatex style data model...
Package biblatex Info: ... file 'nature.dbx' not found.
Package biblatex Info: Trying to load biblatex custom data model...
Package biblatex Info: ... file 'biblatex-dm.cfg' not found.
\c@afterword=\count150
\c@savedafterword=\count151
\c@annotator=\count152
\c@savedannotator=\count153
\c@author=\count154
\c@savedauthor=\count155
\c@bookauthor=\count156
\c@savedbookauthor=\count157
\c@commentator=\count158
\c@savedcommentator=\count159
\c@editor=\count160
\c@savededitor=\count161
\c@editora=\count162
\c@savededitora=\count163
\c@editorb=\count164
\c@savededitorb=\count165
\c@editorc=\count166
\c@savededitorc=\count167
\c@foreword=\count168
\c@savedforeword=\count169
\c@holder=\count170
\c@savedholder=\count171
\c@introduction=\count172
\c@savedintroduction=\count173
\c@namea=\count174
\c@savednamea=\count175
\c@nameb=\count176
\c@savednameb=\count177
\c@namec=\count178
\c@savednamec=\count179
\c@translator=\count180
\c@savedtranslator=\count181
\c@shortauthor=\count182
\c@savedshortauthor=\count183
\c@shorteditor=\count184
\c@savedshorteditor=\count185
\c@labelname=\count186
\c@savedlabelname=\count187
\c@institution=\count188
\c@savedinstitution=\count189
\c@lista=\count190
\c@savedlista=\count191
\c@listb=\count192
\c@savedlistb=\count193
\c@listc=\count194
\c@savedlistc=\count195
\c@listd=\count196
\c@savedlistd=\count197
\c@liste=\count198
\c@savedliste=\count199
\c@listf=\count266
\c@savedlistf=\count267
\c@location=\count268
\c@savedlocation=\count269
\c@organization=\count270
\c@savedorganization=\count271
\c@origlocation=\count272
\c@savedoriglocation=\count273
\c@origpublisher=\count274
\c@savedorigpublisher=\count275
\c@publisher=\count276
\c@savedpublisher=\count277
\c@language=\count278
\c@savedlanguage=\count279
\c@origlanguage=\count280
\c@savedoriglanguage=\count281
\c@pageref=\count282
\c@savedpageref=\count283
\shorthandwidth=\skip54
\shortjournalwidth=\skip55
\shortserieswidth=\skip56
\shorttitlewidth=\skip57
\shortauthorwidth=\skip58
\shorteditorwidth=\skip59
\locallabelnumberwidth=\skip60
\locallabelalphawidth=\skip61
\localshorthandwidth=\skip62
\localshortjournalwidth=\skip63
\localshortserieswidth=\skip64
\localshorttitlewidth=\skip65
\localshortauthorwidth=\skip66
\localshorteditorwidth=\skip67
Package biblatex Info: Trying to load enhanced support for Unicode engines...
Package biblatex Info: ... file 'blx-unicode.def' found.

(/usr/local/texlive/2018/texmf-dist/tex/latex/biblatex/blx-unicode.def)
Package biblatex Info: Trying to load compatibility code...
Package biblatex Info: ... file 'blx-compat.def' found.

(/usr/local/texlive/2018/texmf-dist/tex/latex/biblatex/blx-compat.def
File: blx-compat.def 2018/11/02 v3.12 biblatex compatibility (PK/MW)
)
Package biblatex Info: Trying to load generic definitions...
Package biblatex Info: ... file 'biblatex.def' found.

(/usr/local/texlive/2018/texmf-dist/tex/latex/biblatex/biblatex.def
File: biblatex.def 2018/11/02 v3.12 biblatex compatibility (PK/MW)
\c@textcitecount=\count284
\c@textcitetotal=\count285
\c@textcitemaxnames=\count286
\c@biburlnumpenalty=\count287
\c@biburlucpenalty=\count288
\c@biburllcpenalty=\count289
\c@smartand=\count290
)
Package biblatex Info: Trying to load natbib compatibility...
Package biblatex Info: ... file 'blx-natbib.def' found.

(/usr/local/texlive/2018/texmf-dist/tex/latex/biblatex/blx-natbib.def
File: blx-natbib.def 2018/11/02 v3.12 biblatex compatibility (PK/MW)
Package biblatex Info: Delimiter 'nameyeardelim' in context '' already defined, 
overwriting.
)
Package biblatex Info: Trying to load bibliography style 'nature'...
Package biblatex Info: ... file 'nature.bbx' found.

(/usr/local/texlive/2018/texmf-dist/tex/latex/biblatex-nature/nature.bbx
File: nature.bbx 2018/10/18 v1.3c biblatex bibliography style
Package biblatex Info: Trying to load bibliography style 'numeric-comp'...
Package biblatex Info: ... file 'numeric-comp.bbx' found.

(/usr/local/texlive/2018/texmf-dist/tex/latex/biblatex/bbx/numeric-comp.bbx
File: numeric-comp.bbx 2018/11/02 v3.12 biblatex bibliography style (PK/MW)
Package biblatex Info: Trying to load bibliography style 'numeric'...
Package biblatex Info: ... file 'numeric.bbx' found.

(/usr/local/texlive/2018/texmf-dist/tex/latex/biblatex/bbx/numeric.bbx
File: numeric.bbx 2018/11/02 v3.12 biblatex bibliography style (PK/MW)
Package biblatex Info: Trying to load bibliography style 'standard'...
Package biblatex Info: ... file 'standard.bbx' found.

(/usr/local/texlive/2018/texmf-dist/tex/latex/biblatex/bbx/standard.bbx
File: standard.bbx 2018/11/02 v3.12 biblatex bibliography style (PK/MW)
\c@bbx:relatedcount=\count291
\c@bbx:relatedtotal=\count292
))))
Package biblatex Info: Trying to load citation style 'nature'...
Package biblatex Info: ... file 'nature.cbx' found.

(/usr/local/texlive/2018/texmf-dist/tex/latex/biblatex-nature/nature.cbx
File: nature.cbx 2018/10/18 v1.3c biblatex citation style
Package biblatex Info: Trying to load citation style 'numeric-comp'...
Package biblatex Info: ... file 'numeric-comp.cbx' found.

(/usr/local/texlive/2018/texmf-dist/tex/latex/biblatex/cbx/numeric-comp.cbx
File: numeric-comp.cbx 2018/11/02 v3.12 biblatex citation style (PK/MW)
\c@cbx@tempcnta=\count293
\c@cbx@tempcntb=\count294
Package biblatex Info: Redefining '\cite'.
Package biblatex Info: Redefining '\parencite'.
Package biblatex Info: Redefining '\footcite'.
Package biblatex Info: Redefining '\footcitetext'.
Package biblatex Info: Redefining '\smartcite'.
Package biblatex Info: Redefining '\supercite'.
Package biblatex Info: Redefining '\textcite'.
Package biblatex Info: Redefining '\textcites'.
Package biblatex Info: Redefining '\cites'.
Package biblatex Info: Redefining '\parencites'.
Package biblatex Info: Redefining '\smartcites'.
))
Package biblatex Info: Trying to load configuration file...
Package biblatex Info: ... file 'biblatex.cfg' found.

(/usr/local/texlive/2018/texmf-dist/tex/latex/biblatex/biblatex.cfg
File: biblatex.cfg 
))
(/usr/local/texlive/2018/texmf-dist/tex/latex/amsfonts/amssymb.sty
Package: amssymb 2013/01/14 v3.01 AMS font symbols

(/usr/local/texlive/2018/texmf-dist/tex/latex/amsfonts/amsfonts.sty
Package: amsfonts 2013/01/14 v3.01 Basic AMSFonts support
\symAMSa=\mathgroup4
\symAMSb=\mathgroup5
LaTeX Font Info:    Overwriting math alphabet `\mathfrak' in version `bold'
(Font)                  U/euf/m/n --> U/euf/b/n on input line 106.
))
(/usr/local/texlive/2018/texmf-dist/tex/latex/graphics/graphicx.sty
Package: graphicx 2017/06/01 v1.1a Enhanced LaTeX Graphics (DPC,SPQR)

(/usr/local/texlive/2018/texmf-dist/tex/latex/graphics/graphics.sty
Package: graphics 2017/06/25 v1.2c Standard LaTeX Graphics (DPC,SPQR)

(/usr/local/texlive/2018/texmf-dist/tex/latex/graphics/trig.sty
Package: trig 2016/01/03 v1.10 sin cos tan (DPC)
)
(/usr/local/texlive/2018/texmf-dist/tex/latex/graphics-cfg/graphics.cfg
File: graphics.cfg 2016/06/04 v1.11 sample graphics configuration
)
Package graphics Info: Driver file: luatex.def on input line 99.

(/usr/local/texlive/2018/texmf-dist/tex/latex/graphics-def/luatex.def
File: luatex.def 2018/01/08 v1.0l Graphics/color driver for luatex
))
\Gin@req@height=\dimen120
\Gin@req@width=\dimen121
)
(/usr/local/texlive/2018/texmf-dist/tex/latex/import/import.sty
Package: import 2009/03/23  v 5.1
)
(/usr/local/texlive/2018/texmf-dist/tex/latex/appendix/appendix.sty
Package: appendix 2009/09/02 v1.2b extra appendix facilities
\c@@pps=\count295
\c@@ppsavesec=\count296
\c@@ppsaveapp=\count297
)
(/usr/local/texlive/2018/texmf-dist/tex/latex/graphics/lscape.sty
Package: lscape 2000/10/22 v3.01 Landscape Pages (DPC)
)
(/usr/local/texlive/2018/texmf-dist/tex/latex/comment/comment.sty
\CommentStream=\write4

Excluding comment 'comment')
(/usr/local/texlive/2018/texmf-dist/tex/latex/base/fontenc.sty
Package: fontenc 2018/08/11 v2.0j Standard LaTeX package

(/usr/local/texlive/2018/texmf-dist/tex/latex/base/t1enc.def
File: t1enc.def 2018/08/11 v2.0j Standard LaTeX file
LaTeX Font Info:    Redeclaring font encoding T1 on input line 48.
)
LaTeX Font Info:    Try loading font information for T1+lmr on input line 105.

(/usr/local/texlive/2018/texmf-dist/tex/latex/lm/t1lmr.fd
File: t1lmr.fd 2009/10/30 v1.6 Font defs for Latin Modern
))
(/usr/local/texlive/2018/texmf-dist/tex/latex/multirow/multirow.sty
Package: multirow 2019/01/01 v2.4 Span multiple rows of a table
\multirow@colwidth=\skip68
\multirow@cntb=\count298
\multirow@dima=\skip69
\bigstrutjot=\dimen122
)
(/usr/local/texlive/2018/texmf-dist/tex/generic/epsf/epsf.sty
This is `epsf.tex' v2.7.4 <14 February 2011>
\epsffilein=\read2
\epsfframemargin=\dimen123
\epsfframethickness=\dimen124
\epsfrsize=\dimen125
\epsftmp=\dimen126
\epsftsize=\dimen127
\epsfxsize=\dimen128
\epsfysize=\dimen129
\pspoints=\dimen130
) (/usr/local/texlive/2018/texmf-dist/tex/latex/base/fontenc.sty
Package: fontenc 2018/08/11 v2.0j Standard LaTeX package

(/usr/local/texlive/2018/texmf-dist/tex/latex/base/t1enc.def
File: t1enc.def 2018/08/11 v2.0j Standard LaTeX file
LaTeX Font Info:    Redeclaring font encoding T1 on input line 48.
))
(/usr/local/texlive/2018/texmf-dist/tex/latex/base/inputenc.sty
Package: inputenc 2018/08/11 v1.3c Input encoding file
\inpenc@prehook=\toks22
\inpenc@posthook=\toks23


Package inputenc Warning: inputenc package ignored with utf8 based engines.

) (/usr/local/texlive/2018/texmf-dist/tex/latex/commath/commath.sty)
(/usr/local/texlive/2018/texmf-dist/tex/latex/tools/verbatim.sty
Package: verbatim 2014/10/28 v1.5q LaTeX2e package for verbatim enhancements
\every@verbatim=\toks24
\verbatim@line=\toks25
\verbatim@in@stream=\read3
)
(/usr/local/texlive/2018/texmf-dist/tex/latex/base/fontenc.sty
Package: fontenc 2018/08/11 v2.0j Standard LaTeX package

(/usr/local/texlive/2018/texmf-dist/tex/latex/base/t1enc.def
File: t1enc.def 2018/08/11 v2.0j Standard LaTeX file
LaTeX Font Info:    Redeclaring font encoding T1 on input line 48.
))
(/usr/local/texlive/2018/texmf-dist/tex/latex/braket/braket.sty)
(/usr/local/texlive/2018/texmf-dist/tex/latex/mathtools/mathtools.sty
Package: mathtools 2018/01/08 v1.21 mathematical typesetting tools

(/usr/local/texlive/2018/texmf-dist/tex/latex/tools/calc.sty
Package: calc 2017/05/25 v4.3 Infix arithmetic (KKT,FJ)
\calc@Acount=\count299
\calc@Bcount=\count300
\calc@Adimen=\dimen131
\calc@Bdimen=\dimen132
\calc@Askip=\skip70
\calc@Bskip=\skip71
LaTeX Info: Redefining \setlength on input line 80.
LaTeX Info: Redefining \addtolength on input line 81.
\calc@Ccount=\count301
\calc@Cskip=\skip72
)
(/usr/local/texlive/2018/texmf-dist/tex/latex/mathtools/mhsetup.sty
Package: mhsetup 2017/03/31 v1.3 programming setup (MH)
)
LaTeX Info: Thecontrolsequence`\('isalreadyrobust on input line 129.
LaTeX Info: Thecontrolsequence`\)'isalreadyrobust on input line 129.
LaTeX Info: Thecontrolsequence`\['isalreadyrobust on input line 129.
LaTeX Info: Thecontrolsequence`\]'isalreadyrobust on input line 129.
\g_MT_multlinerow_int=\count302
\l_MT_multwidth_dim=\dimen133
\origjot=\skip73
\l_MT_shortvdotswithinadjustabove_dim=\dimen134
\l_MT_shortvdotswithinadjustbelow_dim=\dimen135
\l_MT_above_intertext_sep=\dimen136
\l_MT_below_intertext_sep=\dimen137
\l_MT_above_shortintertext_sep=\dimen138
\l_MT_below_shortintertext_sep=\dimen139
)
(/usr/local/texlive/2018/texmf-dist/tex/latex/base/fontenc.sty
Package: fontenc 2018/08/11 v2.0j Standard LaTeX package

(/usr/local/texlive/2018/texmf-dist/tex/latex/base/t1enc.def
File: t1enc.def 2018/08/11 v2.0j Standard LaTeX file
LaTeX Font Info:    Redeclaring font encoding T1 on input line 48.
))
(/usr/local/texlive/2018/texmf-dist/tex/latex/pgf/frontendlayer/tikz.sty
(/usr/local/texlive/2018/texmf-dist/tex/latex/pgf/basiclayer/pgf.sty
(/usr/local/texlive/2018/texmf-dist/tex/latex/pgf/utilities/pgfrcs.sty
(/usr/local/texlive/2018/texmf-dist/tex/generic/pgf/utilities/pgfutil-common.te
x
\pgfutil@everybye=\toks26
\pgfutil@tempdima=\dimen140
\pgfutil@tempdimb=\dimen141

(/usr/local/texlive/2018/texmf-dist/tex/generic/pgf/utilities/pgfutil-common-li
sts.tex))
(/usr/local/texlive/2018/texmf-dist/tex/generic/pgf/utilities/pgfutil-latex.def
\pgfutil@abb=\box29
(/usr/local/texlive/2018/texmf-dist/tex/latex/ms/everyshi.sty
Package: everyshi 2001/05/15 v3.00 EveryShipout Package (MS)
))
(/usr/local/texlive/2018/texmf-dist/tex/generic/pgf/utilities/pgfrcs.code.tex
(/usr/local/texlive/2018/texmf-dist/tex/generic/pgf/pgf.revision.tex)
Package: pgfrcs 2019/02/02 v3.1.1 (3.1.1)
))
Package: pgf 2019/02/02 v3.1.1 (3.1.1)

(/usr/local/texlive/2018/texmf-dist/tex/latex/pgf/basiclayer/pgfcore.sty
(/usr/local/texlive/2018/texmf-dist/tex/latex/pgf/systemlayer/pgfsys.sty
(/usr/local/texlive/2018/texmf-dist/tex/generic/pgf/systemlayer/pgfsys.code.tex
Package: pgfsys 2019/02/02 v3.1.1 (3.1.1)
(/usr/local/texlive/2018/texmf-dist/tex/generic/pgf/utilities/pgfkeys.code.tex
\pgfkeys@pathtoks=\toks27
\pgfkeys@temptoks=\toks28

(/usr/local/texlive/2018/texmf-dist/tex/generic/pgf/utilities/pgfkeysfiltered.c
ode.tex
\pgfkeys@tmptoks=\toks29
))
\pgf@x=\dimen142
\pgf@y=\dimen143
\pgf@xa=\dimen144
\pgf@ya=\dimen145
\pgf@xb=\dimen146
\pgf@yb=\dimen147
\pgf@xc=\dimen148
\pgf@yc=\dimen149
\w@pgf@writea=\write5
\r@pgf@reada=\read4
\c@pgf@counta=\count303
\c@pgf@countb=\count304
\c@pgf@countc=\count305
\c@pgf@countd=\count306
\t@pgf@toka=\toks30
\t@pgf@tokb=\toks31
\t@pgf@tokc=\toks32
\pgf@sys@id@count=\count307

(/usr/local/texlive/2018/texmf-dist/tex/generic/pgf/systemlayer/pgf.cfg
File: pgf.cfg 2019/02/02 v3.1.1 (3.1.1)
)
Driver file for pgf: pgfsys-luatex.def

(/usr/local/texlive/2018/texmf-dist/tex/generic/pgf/systemlayer/pgfsys-luatex.d
ef
File: pgfsys-luatex.def 2019/02/02 v3.1.1 (3.1.1)

(/usr/local/texlive/2018/texmf-dist/tex/generic/pgf/systemlayer/pgfsys-common-p
df.def
File: pgfsys-common-pdf.def 2019/02/02 v3.1.1 (3.1.1)
)))
(/usr/local/texlive/2018/texmf-dist/tex/generic/pgf/systemlayer/pgfsyssoftpath.
code.tex
File: pgfsyssoftpath.code.tex 2019/02/02 v3.1.1 (3.1.1)
\pgfsyssoftpath@smallbuffer@items=\count308
\pgfsyssoftpath@bigbuffer@items=\count309
)
(/usr/local/texlive/2018/texmf-dist/tex/generic/pgf/systemlayer/pgfsysprotocol.
code.tex
File: pgfsysprotocol.code.tex 2019/02/02 v3.1.1 (3.1.1)
)) (/usr/local/texlive/2018/texmf-dist/tex/latex/xcolor/xcolor.sty
Package: xcolor 2016/05/11 v2.12 LaTeX color extensions (UK)

(/usr/local/texlive/2018/texmf-dist/tex/latex/graphics-cfg/color.cfg
File: color.cfg 2016/01/02 v1.6 sample color configuration
)
Package xcolor Info: Driver file: luatex.def on input line 225.
Package xcolor Info: Model `cmy' substituted by `cmy0' on input line 1348.
Package xcolor Info: Model `hsb' substituted by `rgb' on input line 1352.
Package xcolor Info: Model `RGB' extended on input line 1364.
Package xcolor Info: Model `HTML' substituted by `rgb' on input line 1366.
Package xcolor Info: Model `Hsb' substituted by `hsb' on input line 1367.
Package xcolor Info: Model `tHsb' substituted by `hsb' on input line 1368.
Package xcolor Info: Model `HSB' substituted by `hsb' on input line 1369.
Package xcolor Info: Model `Gray' substituted by `gray' on input line 1370.
Package xcolor Info: Model `wave' substituted by `hsb' on input line 1371.
)
(/usr/local/texlive/2018/texmf-dist/tex/generic/pgf/basiclayer/pgfcore.code.tex
Package: pgfcore 2019/02/02 v3.1.1 (3.1.1)
(/usr/local/texlive/2018/texmf-dist/tex/generic/pgf/math/pgfmath.code.tex
(/usr/local/texlive/2018/texmf-dist/tex/generic/pgf/math/pgfmathcalc.code.tex
(/usr/local/texlive/2018/texmf-dist/tex/generic/pgf/math/pgfmathutil.code.tex)
(/usr/local/texlive/2018/texmf-dist/tex/generic/pgf/math/pgfmathparser.code.tex
\pgfmath@dimen=\dimen150
\pgfmath@count=\count310
\pgfmath@box=\box30
\pgfmath@toks=\toks33
\pgfmath@stack@operand=\toks34
\pgfmath@stack@operation=\toks35
)
(/usr/local/texlive/2018/texmf-dist/tex/generic/pgf/math/pgfmathfunctions.code.
tex
(/usr/local/texlive/2018/texmf-dist/tex/generic/pgf/math/pgfmathfunctions.basic
.code.tex)
(/usr/local/texlive/2018/texmf-dist/tex/generic/pgf/math/pgfmathfunctions.trigo
nometric.code.tex)
(/usr/local/texlive/2018/texmf-dist/tex/generic/pgf/math/pgfmathfunctions.rando
m.code.tex)
(/usr/local/texlive/2018/texmf-dist/tex/generic/pgf/math/pgfmathfunctions.compa
rison.code.tex)
(/usr/local/texlive/2018/texmf-dist/tex/generic/pgf/math/pgfmathfunctions.base.
code.tex)
(/usr/local/texlive/2018/texmf-dist/tex/generic/pgf/math/pgfmathfunctions.round
.code.tex)
(/usr/local/texlive/2018/texmf-dist/tex/generic/pgf/math/pgfmathfunctions.misc.
code.tex)
(/usr/local/texlive/2018/texmf-dist/tex/generic/pgf/math/pgfmathfunctions.integ
erarithmetics.code.tex)))
(/usr/local/texlive/2018/texmf-dist/tex/generic/pgf/math/pgfmathfloat.code.tex
\c@pgfmathroundto@lastzeros=\count311
))
(/usr/local/texlive/2018/texmf-dist/tex/generic/pgf/basiclayer/pgfcorepoints.co
de.tex
File: pgfcorepoints.code.tex 2019/02/02 v3.1.1 (3.1.1)
\pgf@picminx=\dimen151
\pgf@picmaxx=\dimen152
\pgf@picminy=\dimen153
\pgf@picmaxy=\dimen154
\pgf@pathminx=\dimen155
\pgf@pathmaxx=\dimen156
\pgf@pathminy=\dimen157
\pgf@pathmaxy=\dimen158
\pgf@xx=\dimen159
\pgf@xy=\dimen160
\pgf@yx=\dimen161
\pgf@yy=\dimen162
\pgf@zx=\dimen163
\pgf@zy=\dimen164
)
(/usr/local/texlive/2018/texmf-dist/tex/generic/pgf/basiclayer/pgfcorepathconst
ruct.code.tex
File: pgfcorepathconstruct.code.tex 2019/02/02 v3.1.1 (3.1.1)
\pgf@path@lastx=\dimen165
\pgf@path@lasty=\dimen166
)
(/usr/local/texlive/2018/texmf-dist/tex/generic/pgf/basiclayer/pgfcorepathusage
.code.tex
File: pgfcorepathusage.code.tex 2019/02/02 v3.1.1 (3.1.1)
\pgf@shorten@end@additional=\dimen167
\pgf@shorten@start@additional=\dimen168
)
(/usr/local/texlive/2018/texmf-dist/tex/generic/pgf/basiclayer/pgfcorescopes.co
de.tex
File: pgfcorescopes.code.tex 2019/02/02 v3.1.1 (3.1.1)
\pgfpic=\box31
\pgf@hbox=\box32
\pgf@layerbox@main=\box33
\pgf@picture@serial@count=\count312
)
(/usr/local/texlive/2018/texmf-dist/tex/generic/pgf/basiclayer/pgfcoregraphicst
ate.code.tex
File: pgfcoregraphicstate.code.tex 2019/02/02 v3.1.1 (3.1.1)
\pgflinewidth=\dimen169
)
(/usr/local/texlive/2018/texmf-dist/tex/generic/pgf/basiclayer/pgfcoretransform
ations.code.tex
File: pgfcoretransformations.code.tex 2019/02/02 v3.1.1 (3.1.1)
\pgf@pt@x=\dimen170
\pgf@pt@y=\dimen171
\pgf@pt@temp=\dimen172
)
(/usr/local/texlive/2018/texmf-dist/tex/generic/pgf/basiclayer/pgfcorequick.cod
e.tex
File: pgfcorequick.code.tex 2019/02/02 v3.1.1 (3.1.1)
)
(/usr/local/texlive/2018/texmf-dist/tex/generic/pgf/basiclayer/pgfcoreobjects.c
ode.tex
File: pgfcoreobjects.code.tex 2019/02/02 v3.1.1 (3.1.1)
)
(/usr/local/texlive/2018/texmf-dist/tex/generic/pgf/basiclayer/pgfcorepathproce
ssing.code.tex
File: pgfcorepathprocessing.code.tex 2019/02/02 v3.1.1 (3.1.1)
)
(/usr/local/texlive/2018/texmf-dist/tex/generic/pgf/basiclayer/pgfcorearrows.co
de.tex
File: pgfcorearrows.code.tex 2019/02/02 v3.1.1 (3.1.1)
\pgfarrowsep=\dimen173
)
(/usr/local/texlive/2018/texmf-dist/tex/generic/pgf/basiclayer/pgfcoreshade.cod
e.tex
File: pgfcoreshade.code.tex 2019/02/02 v3.1.1 (3.1.1)
\pgf@max=\dimen174
\pgf@sys@shading@range@num=\count313
)
(/usr/local/texlive/2018/texmf-dist/tex/generic/pgf/basiclayer/pgfcoreimage.cod
e.tex
File: pgfcoreimage.code.tex 2019/02/02 v3.1.1 (3.1.1)

(/usr/local/texlive/2018/texmf-dist/tex/generic/pgf/basiclayer/pgfcoreexternal.
code.tex
File: pgfcoreexternal.code.tex 2019/02/02 v3.1.1 (3.1.1)
\pgfexternal@startupbox=\box34
))
(/usr/local/texlive/2018/texmf-dist/tex/generic/pgf/basiclayer/pgfcorelayers.co
de.tex
File: pgfcorelayers.code.tex 2019/02/02 v3.1.1 (3.1.1)
)
(/usr/local/texlive/2018/texmf-dist/tex/generic/pgf/basiclayer/pgfcoretranspare
ncy.code.tex
File: pgfcoretransparency.code.tex 2019/02/02 v3.1.1 (3.1.1)
)
(/usr/local/texlive/2018/texmf-dist/tex/generic/pgf/basiclayer/pgfcorepatterns.
code.tex
File: pgfcorepatterns.code.tex 2019/02/02 v3.1.1 (3.1.1)
)
(/usr/local/texlive/2018/texmf-dist/tex/generic/pgf/basiclayer/pgfcorerdf.code.
tex
File: pgfcorerdf.code.tex 2019/02/02 v3.1.1 (3.1.1)
)))
(/usr/local/texlive/2018/texmf-dist/tex/generic/pgf/modules/pgfmoduleshapes.cod
e.tex
File: pgfmoduleshapes.code.tex 2019/02/02 v3.1.1 (3.1.1)
\pgfnodeparttextbox=\box35
)
(/usr/local/texlive/2018/texmf-dist/tex/generic/pgf/modules/pgfmoduleplot.code.
tex
File: pgfmoduleplot.code.tex 2019/02/02 v3.1.1 (3.1.1)
)
(/usr/local/texlive/2018/texmf-dist/tex/latex/pgf/compatibility/pgfcomp-version
-0-65.sty
Package: pgfcomp-version-0-65 2019/02/02 v3.1.1 (3.1.1)
\pgf@nodesepstart=\dimen175
\pgf@nodesepend=\dimen176
)
(/usr/local/texlive/2018/texmf-dist/tex/latex/pgf/compatibility/pgfcomp-version
-1-18.sty
Package: pgfcomp-version-1-18 2019/02/02 v3.1.1 (3.1.1)
))
(/usr/local/texlive/2018/texmf-dist/tex/latex/pgf/utilities/pgffor.sty
(/usr/local/texlive/2018/texmf-dist/tex/latex/pgf/utilities/pgfkeys.sty
(/usr/local/texlive/2018/texmf-dist/tex/generic/pgf/utilities/pgfkeys.code.tex))
 (/usr/local/texlive/2018/texmf-dist/tex/latex/pgf/math/pgfmath.sty
(/usr/local/texlive/2018/texmf-dist/tex/generic/pgf/math/pgfmath.code.tex))
(/usr/local/texlive/2018/texmf-dist/tex/generic/pgf/utilities/pgffor.code.tex
Package: pgffor 2019/02/02 v3.1.1 (3.1.1)

(/usr/local/texlive/2018/texmf-dist/tex/generic/pgf/math/pgfmath.code.tex)
\pgffor@iter=\dimen177
\pgffor@skip=\dimen178
\pgffor@stack=\toks36
\pgffor@toks=\toks37
))
(/usr/local/texlive/2018/texmf-dist/tex/generic/pgf/frontendlayer/tikz/tikz.cod
e.tex
Package: tikz 2019/02/02 v3.1.1 (3.1.1)

(/usr/local/texlive/2018/texmf-dist/tex/generic/pgf/libraries/pgflibraryplothan
dlers.code.tex
File: pgflibraryplothandlers.code.tex 2019/02/02 v3.1.1 (3.1.1)
\pgf@plot@mark@count=\count314
\pgfplotmarksize=\dimen179
)
\tikz@lastx=\dimen180
\tikz@lasty=\dimen181
\tikz@lastxsaved=\dimen182
\tikz@lastysaved=\dimen183
\tikzleveldistance=\dimen184
\tikzsiblingdistance=\dimen185
\tikz@figbox=\box36
\tikz@figbox@bg=\box37
\tikz@tempbox=\box38
\tikz@tempbox@bg=\box39
\tikztreelevel=\count315
\tikznumberofchildren=\count316
\tikznumberofcurrentchild=\count317
\tikz@fig@count=\count318

(/usr/local/texlive/2018/texmf-dist/tex/generic/pgf/modules/pgfmodulematrix.cod
e.tex
File: pgfmodulematrix.code.tex 2019/02/02 v3.1.1 (3.1.1)
\pgfmatrixcurrentrow=\count319
\pgfmatrixcurrentcolumn=\count320
\pgf@matrix@numberofcolumns=\count321
)
\tikz@expandcount=\count322

(/usr/local/texlive/2018/texmf-dist/tex/generic/pgf/frontendlayer/tikz/librarie
s/tikzlibrarytopaths.code.tex
File: tikzlibrarytopaths.code.tex 2019/02/02 v3.1.1 (3.1.1)
)))
(/usr/local/texlive/2018/texmf-dist/tex/latex/circuitikz/circuitikz.sty
Package: circuitikz 2017/05/28{} The CircuiTikz circuit drawing package version 
0.8.3

(/usr/local/texlive/2018/texmf-dist/tex/generic/pgf/frontendlayer/tikz/librarie
s/tikzlibrarycalc.code.tex
File: tikzlibrarycalc.code.tex 2019/02/02 v3.1.1 (3.1.1)
)
(/usr/local/texlive/2018/texmf-dist/tex/generic/pgf/libraries/pgflibraryarrows.
code.tex
File: pgflibraryarrows.code.tex 2019/02/02 v3.1.1 (3.1.1)
\arrowsize=\dimen186
)
(/usr/local/texlive/2018/texmf-dist/tex/generic/circuitikz/pgfcirc.defines.tex
\pgf@circ@res@up=\dimen187
\pgf@circ@res@down=\dimen188
\pgf@circ@res@zero=\dimen189
\pgf@circ@res@left=\dimen190
\pgf@circ@res@right=\dimen191
\pgf@circ@res@other=\dimen192
\pgf@circ@res@step=\dimen193
\pgf@circ@res@temp=\dimen194
\pgfstartlinewidth=\dimen195
\pgf@circ@Rlen=\dimen196
) (/usr/local/texlive/2018/texmf-dist/tex/generic/circuitikz/pgfcircutils.tex)
(/usr/local/texlive/2018/texmf-dist/tex/generic/circuitikz/pgfcircshapes.tex)
(/usr/local/texlive/2018/texmf-dist/tex/generic/circuitikz/pgfcircmonopoles.tex
) (/usr/local/texlive/2018/texmf-dist/tex/generic/circuitikz/pgfcircbipoles.tex
)
(/usr/local/texlive/2018/texmf-dist/tex/generic/circuitikz/pgfcirctripoles.tex)
(/usr/local/texlive/2018/texmf-dist/tex/generic/circuitikz/pgfcircquadpoles.tex
) (/usr/local/texlive/2018/texmf-dist/tex/generic/circuitikz/pgfcirclabel.tex)
(/usr/local/texlive/2018/texmf-dist/tex/generic/circuitikz/pgfcircvoltage.tex)
(/usr/local/texlive/2018/texmf-dist/tex/generic/circuitikz/pgfcirccurrent.tex)
(/usr/local/texlive/2018/texmf-dist/tex/generic/circuitikz/pgfcircflow.tex)
(/usr/local/texlive/2018/texmf-dist/tex/generic/circuitikz/pgfcircpath.tex))
(/usr/local/texlive/2018/texmf-dist/tex/latex/float/float.sty
Package: float 2001/11/08 v1.3d Float enhancements (AL)
\c@float@type=\count323
\float@exts=\toks38
\float@box=\box40
\@float@everytoks=\toks39
\@floatcapt=\box41
)) (./macros.tex)
(./bib_files.tex) (./front_matter.tex)
Package biblatex Info: Trying to load language 'english'...
Package biblatex Info: ... file 'english.lbx' found.

(/usr/local/texlive/2018/texmf-dist/tex/latex/biblatex/lbx/english.lbx
File: english.lbx 2018/11/02 v3.12 biblatex localization (PK/MW)
)
\@quotelevel=\count324
\@quotereset=\count325


LaTeX Warning: Unused global option(s):
    [oneside,12pt].

(./main_UCSB_submission.aux

LaTeX Warning: Label `fig:SPICE_results_with_parasitics' multiply defined.

)
\openout1 = main_UCSB_submission.aux

LaTeX Font Info:    Checking defaults for OML/cmm/m/it on input line 5.
LaTeX Font Info:    ... okay on input line 5.
LaTeX Font Info:    Checking defaults for T1/cmr/m/n on input line 5.
LaTeX Font Info:    ... okay on input line 5.
LaTeX Font Info:    Checking defaults for OT1/cmr/m/n on input line 5.
LaTeX Font Info:    ... okay on input line 5.
LaTeX Font Info:    Checking defaults for OMS/cmsy/m/n on input line 5.
LaTeX Font Info:    ... okay on input line 5.
LaTeX Font Info:    Checking defaults for TU/lmr/m/n on input line 5.
LaTeX Font Info:    ... okay on input line 5.
LaTeX Font Info:    Checking defaults for OMX/cmex/m/n on input line 5.
LaTeX Font Info:    ... okay on input line 5.
LaTeX Font Info:    Checking defaults for U/cmr/m/n on input line 5.
LaTeX Font Info:    ... okay on input line 5.

*geometry* driver: auto-detecting
*geometry* detected driver: luatex
*geometry* verbose mode - [ preamble ] result:
* driver: luatex
* paper: <default>
* layout: <same size as paper>
* layoutoffset:(h,v)=(0.0pt,0.0pt)
* modes: includehead 
* h-part:(L,W,R)=(90.3375pt, 451.68752pt, 72.26999pt)
* v-part:(T,H,B)=(72.26999pt, 650.43001pt, 72.26999pt)
* \paperwidth=614.295pt
* \paperheight=794.96999pt
* \textwidth=451.68752pt
* \textheight=618.55621pt
* \oddsidemargin=18.0675pt
* \evensidemargin=18.0675pt
* \topmargin=0.0pt
* \headheight=12.0pt
* \headsep=19.8738pt
* \topskip=12.0pt
* \footskip=18.06749pt
* \marginparwidth=72.26999pt
* \marginparsep=7.22743pt
* \columnsep=10.0pt
* \skip\footins=10.8pt plus 4.0pt minus 2.0pt
* \hoffset=0.0pt
* \voffset=0.0pt
* \mag=1000
* \@twocolumnfalse
* \@twosidefalse
* \@mparswitchfalse
* \@reversemarginfalse
* (1in=72.27pt=25.4mm, 1cm=28.453pt)

(/usr/local/texlive/2018/texmf-dist/tex/latex/hyperref/hyperref.sty
Package: hyperref 2018/11/30 v6.88e Hypertext links for LaTeX

(/usr/local/texlive/2018/texmf-dist/tex/generic/oberdiek/hobsub-hyperref.sty
Package: hobsub-hyperref 2016/05/16 v1.14 Bundle oberdiek, subset hyperref (HO)

(/usr/local/texlive/2018/texmf-dist/tex/generic/oberdiek/hobsub-generic.sty
Package: hobsub-generic 2016/05/16 v1.14 Bundle oberdiek, subset generic (HO)
Package: hobsub 2016/05/16 v1.14 Construct package bundles (HO)
Package hobsub Info: Skipping package `infwarerr' (already loaded).
Package hobsub Info: Skipping package `ltxcmds' (already loaded).
Package hobsub Info: Skipping package `ifluatex' (already loaded).
Package hobsub Info: Skipping package `ifvtex' (already loaded).
Package: intcalc 2016/05/16 v1.2 Expandable calculations with integers (HO)
Package hobsub Info: Skipping package `ifpdf' (already loaded).
Package hobsub Info: Skipping package `etexcmds' (already loaded).
Package hobsub Info: Skipping package `kvsetkeys' (already loaded).
Package: kvdefinekeys 2016/05/16 v1.4 Define keys (HO)
Package: luatex-loader 2016/05/16 v0.6 Lua module loader (HO)

(/usr/local/texlive/2018/texmf-dist/scripts/oberdiek/oberdiek.luatex.lua)
Package hobsub Info: Skipping package `pdftexcmds' (already loaded).
Package: pdfescape 2016/05/16 v1.14 Implements pdfTeX's escape features (HO)
Package: bigintcalc 2016/05/16 v1.4 Expandable calculations on big integers (HO)

Package: bitset 2016/05/16 v1.2 Handle bit-vector datatype (HO)
Package: uniquecounter 2016/05/16 v1.3 Provide unlimited unique counter (HO)
)
Package hobsub Info: Skipping package `hobsub' (already loaded).
Package: letltxmacro 2016/05/16 v1.5 Let assignment for LaTeX macros (HO)
Package: hopatch 2016/05/16 v1.3 Wrapper for package hooks (HO)
Package: xcolor-patch 2016/05/16 xcolor patch
Package: atveryend 2016/05/16 v1.9 Hooks at the very end of document (HO)
Package: atbegshi 2016/06/09 v1.18 At begin shipout hook (HO)
\AtBeginShipoutBox=\box42
Package: refcount 2016/05/16 v3.5 Data extraction from label references (HO)
Package: hycolor 2016/05/16 v1.8 Color options for hyperref/bookmark (HO)
)
(/usr/local/texlive/2018/texmf-dist/tex/latex/oberdiek/auxhook.sty
Package: auxhook 2016/05/16 v1.4 Hooks for auxiliary files (HO)
)
\@linkdim=\dimen197
\Hy@linkcounter=\count326
\Hy@pagecounter=\count327

(/usr/local/texlive/2018/texmf-dist/tex/latex/hyperref/pd1enc.def
File: pd1enc.def 2018/11/30 v6.88e Hyperref: PDFDocEncoding definition (HO)
)
\Hy@SavedSpaceFactor=\count328

(/usr/local/texlive/2018/texmf-dist/tex/latex/latexconfig/hyperref.cfg
File: hyperref.cfg 2002/06/06 v1.2 hyperref configuration of TeXLive
)
Package hyperref Info: Option `hyperindex' set `true' on input line 4393.
Package hyperref Info: Option `plainpages' set `false' on input line 4393.
Package hyperref Info: Option `pdfpagelabels' set `true' on input line 4393.
Package hyperref Info: Option `colorlinks' set `true' on input line 4393.
Package hyperref Info: Hyper figures OFF on input line 4519.
Package hyperref Info: Link nesting OFF on input line 4524.
Package hyperref Info: Hyper index ON on input line 4527.
Package hyperref Info: Plain pages OFF on input line 4534.
Package hyperref Info: Backreferencing OFF on input line 4539.
Package hyperref Info: Implicit mode ON; LaTeX internals redefined.
Package hyperref Info: Bookmarks ON on input line 4772.
\c@Hy@tempcnt=\count329
LaTeX Info: Redefining \nolinkurl on input line 5123.
LaTeX Info: Redefining \url on input line 5125.
\XeTeXLinkMargin=\dimen198
Package auxhook Info: \AddLineBeginMainAux comes a little late,
(auxhook)             because the main .aux file is already opened on input line
 5506.
\Fld@menulength=\count330
\Field@Width=\dimen199
\Fld@charsize=\dimen256
Package hyperref Info: Hyper figures OFF on input line 6380.
Package hyperref Info: Link nesting OFF on input line 6385.
Package hyperref Info: Hyper index ON on input line 6388.
Package hyperref Info: backreferencing OFF on input line 6395.
Package hyperref Info: Link coloring ON on input line 6398.
Package hyperref Info: Link coloring with OCG OFF on input line 6405.
Package hyperref Info: PDF/A mode OFF on input line 6410.
LaTeX Info: Redefining \ref on input line 6450.
LaTeX Info: Redefining \pageref on input line 6454.
\Hy@abspage=\count331
\c@Item=\count332
\c@Hfootnote=\count333
)
Package hyperref Info: Driver (autodetected): hluatex.

(/usr/local/texlive/2018/texmf-dist/tex/latex/hyperref/hluatex.def
File: hluatex.def 2018/11/30 v6.88e Hyperref driver for luaTeX
\Fld@listcount=\count334
\c@bookmark@seq@number=\count335

(/usr/local/texlive/2018/texmf-dist/tex/latex/oberdiek/rerunfilecheck.sty
Package: rerunfilecheck 2016/05/16 v1.8 Rerun checks for auxiliary files (HO)
Package uniquecounter Info: New unique counter `rerunfilecheck' on input line 28
2.
)
\Hy@SectionHShift=\skip74
)
Package hyperref Info: Link coloring ON on input line 5.

(/usr/local/texlive/2018/texmf-dist/tex/latex/hyperref/nameref.sty
Package: nameref 2016/05/21 v2.44 Cross-referencing by name of section

(/usr/local/texlive/2018/texmf-dist/tex/generic/oberdiek/gettitlestring.sty
Package: gettitlestring 2016/05/16 v1.5 Cleanup title references (HO)
)
\c@section@level=\count336
)
LaTeX Info: Redefining \ref on input line 5.
LaTeX Info: Redefining \pageref on input line 5.
LaTeX Info: Redefining \nameref on input line 5.

(./main_UCSB_submission.out) (./main_UCSB_submission.out)
\@outlinefile=\write6

\openout6 = main_UCSB_submission.out
Package biblatex Info: LuaTeX detected.
(biblatex)             Assuming input encoding 'utf8'.
Package biblatex Info: Automatic encoding selection.
(biblatex)             Assuming data encoding 'utf8'.

\openout3 = main_UCSB_submission.bcf
Package biblatex Info: Trying to load bibliographic data...
Package biblatex Info: ... file 'main_UCSB_submission.bbl' found.

(./main_UCSB_submission.bbl

Package biblatex Warning: Biber reported the following issues
(biblatex)                with 'mariantoni2011':
(biblatex)                - Range field 'pages' in entry 'mariantoni2011' is mal
formed, falling back to literal.


Package biblatex Warning: Biber reported the following issues
(biblatex)                with 'wang2014':
(biblatex)                - Range field 'pages' in entry 'wang2014' is malformed
, falling back to literal.


Package biblatex Warning: The following entry could not be found
(biblatex)                in the database:
(biblatex)                Krocknberger2012
(biblatex)                Please verify the spelling and rerun
(biblatex)                LaTeX afterwards.


Package biblatex Warning: The following entry could not be found
(biblatex)                in the database:
(biblatex)                R
(biblatex)                Please verify the spelling and rerun
(biblatex)                LaTeX afterwards.


Package biblatex Warning: The following entry could not be found
(biblatex)                in the database:
(biblatex)                chiaro2015supp
(biblatex)                Please verify the spelling and rerun
(biblatex)                LaTeX afterwards.


Package biblatex Warning: The following entry could not be found
(biblatex)                in the database:
(biblatex)                ohya2014
(biblatex)                Please verify the spelling and rerun
(biblatex)                LaTeX afterwards.


Package biblatex Warning: The following entry could not be found
(biblatex)                in the database:
(biblatex)                qiplotfn
(biblatex)                Please verify the spelling and rerun
(biblatex)                LaTeX afterwards.


Package biblatex Warning: The following entry could not be found
(biblatex)                in the database:
(biblatex)                song2009a
(biblatex)                Please verify the spelling and rerun
(biblatex)                LaTeX afterwards.


Package biblatex Warning: The following entry could not be found
(biblatex)                in the database:
(biblatex)                song2009b
(biblatex)                Please verify the spelling and rerun
(biblatex)                LaTeX afterwards.

)
Package biblatex Info: Reference section=0 on input line 5.
Package biblatex Info: Reference segment=0 on input line 5.
 (/usr/local/texlive/2018/texmf-dist/tex/context/base/mkii/supp-pdf.mkii
[Loading MPS to PDF converter (version 2006.09.02).]
\scratchcounter=\count337
\scratchdimen=\dimen257
\scratchbox=\box43
\nofMPsegments=\count338
\nofMParguments=\count339
\everyMPshowfont=\toks40
\MPscratchCnt=\count340
\MPscratchDim=\dimen258
\MPnumerator=\count341
\makeMPintoPDFobject=\count342
\everyMPtoPDFconversion=\toks41
) (/usr/local/texlive/2018/texmf-dist/tex/latex/oberdiek/epstopdf-base.sty
Package: epstopdf-base 2016/05/15 v2.6 Base part for package epstopdf

(/usr/local/texlive/2018/texmf-dist/tex/latex/oberdiek/grfext.sty
Package: grfext 2016/05/16 v1.2 Manage graphics extensions (HO)
)
Package epstopdf-base Info: Redefining graphics rule for `.eps' on input line 43
8.
Package grfext Info: Graphics extension search list:
(grfext)             [.pdf,.png,.jpg,.mps,.jpeg,.jbig2,.jb2,.PDF,.PNG,.JPG,.JPEG
,.JBIG2,.JB2,.eps]
(grfext)             \AppendGraphicsExtensions on input line 456.

(/usr/local/texlive/2018/texmf-dist/tex/latex/latexconfig/epstopdf-sys.cfg
File: epstopdf-sys.cfg 2010/07/13 v1.3 Configuration of (r)epstopdf for TeX Live

))
ABD: EveryShipout initializing macros
LaTeX Font Info:    Try loading font information for U+msa on input line 8.

(/usr/local/texlive/2018/texmf-dist/tex/latex/amsfonts/umsa.fd
File: umsa.fd 2013/01/14 v3.01 AMS symbols A
)
LaTeX Font Info:    Try loading font information for U+msb on input line 8.

(/usr/local/texlive/2018/texmf-dist/tex/latex/amsfonts/umsb.fd
File: umsb.fd 2013/01/14 v3.01 AMS symbols B
)
Underfull \hbox (badness 10000) in paragraph at lines 8--8

 []

[2


{/usr/local/texlive/2018/texmf-var/fonts/map/pdftex/updmap/pdftex.map}]
LaTeX Font Info:    Try loading font information for OMS+lmr on input line 8.

(/usr/local/texlive/2018/texmf-dist/tex/latex/lm/omslmr.fd
File: omslmr.fd 2009/10/30 v1.6 Font defs for Latin Modern
)
LaTeX Font Info:    Try loading font information for OMS+lmsy on input line 8.

(/usr/local/texlive/2018/texmf-dist/tex/latex/lm/omslmsy.fd
File: omslmsy.fd 2009/10/30 v1.6 Font defs for Latin Modern
)
LaTeX Font Info:    Font shape `OMS/lmr/m/n' in size <12> not available
(Font)              Font shape `OMS/lmsy/m/n' tried instead on input line 8.
 [3


]
(./dedication.tex [4

]) (./acknowledgements.tex [5

]) (./CV.tex
(./publications.tex) [6

]) (./note_for_the_reader.tex [7

]) (./abstract.tex
[8

]) (./main_UCSB_submission.toc)
\tf@toc=\write7

\openout7 = main_UCSB_submission.toc
 [9


] (./ch_Introduction/Introduction.tex
[1

] [2]) (./Article_TiN_arxiv/arXiv-TiN-Submission_thesis.tex [3] [4] [5]
<Article_TiN_arxiv/BasicProperties.jpg, id=223, 237.80328pt x 246.00757pt>
File: Article_TiN_arxiv/BasicProperties.jpg Graphic file (type jpg)
<use Article_TiN_arxiv/BasicProperties.jpg>
Package luatex.def Info: Article_TiN_arxiv/BasicProperties.jpg  used on input li
ne 97.
(luatex.def)             Requested size: 237.8027pt x 246.00696pt.

[6] [7<./Article_TiN_arxiv/BasicProperties.jpg>] [8] [9]
<Article_TiN_arxiv/SEM2-9.jpg, id=255, 242.26738pt x 94.4698pt>
File: Article_TiN_arxiv/SEM2-9.jpg Graphic file (type jpg)
<use Article_TiN_arxiv/SEM2-9.jpg>
Package luatex.def Info: Article_TiN_arxiv/SEM2-9.jpg  used on input line 118.
(luatex.def)             Requested size: 242.26678pt x 94.46956pt.
 [10<./Article_TiN_arxiv/SEM2-9.jpg>]
<Article_TiN_arxiv/Stress-XRD.jpg, id=266, 244.55975pt x 115.34244pt>
File: Article_TiN_arxiv/Stress-XRD.jpg Graphic file (type jpg)
<use Article_TiN_arxiv/Stress-XRD.jpg>
Package luatex.def Info: Article_TiN_arxiv/Stress-XRD.jpg  used on input line 13
1.
(luatex.def)             Requested size: 244.55914pt x 115.34215pt.
 [11<./Article_TiN_arxiv/Stress-XRD.jpg>] [12]
<Article_TiN_arxiv/Texture.jpg, id=285, 194.6102pt x 288.95935pt>
File: Article_TiN_arxiv/Texture.jpg Graphic file (type jpg)
<use Article_TiN_arxiv/Texture.jpg>
Package luatex.def Info: Article_TiN_arxiv/Texture.jpg  used on input line 145.
(luatex.def)             Requested size: 194.60971pt x 288.95863pt.
<Article_TiN_arxiv/SIMS2-9.jpg, id=286, 242.8272pt x 314.1336pt>
File: Article_TiN_arxiv/SIMS2-9.jpg Graphic file (type jpg)
<use Article_TiN_arxiv/SIMS2-9.jpg>
Package luatex.def Info: Article_TiN_arxiv/SIMS2-9.jpg  used on input line 153.
(luatex.def)             Requested size: 242.8266pt x 314.13283pt.
 [13<./Article_TiN_arxiv/Texture.jpg>] [14<./Article_TiN_arxiv/SIMS2-9.jpg>] [1
5] [16]
<Article_TiN_arxiv/InPlaneDist.jpg, id=317, 242.74998pt x 243.35324pt>
File: Article_TiN_arxiv/InPlaneDist.jpg Graphic file (type jpg)
<use Article_TiN_arxiv/InPlaneDist.jpg>
Package luatex.def Info: Article_TiN_arxiv/InPlaneDist.jpg  used on input line 1
95.
(luatex.def)             Requested size: 242.74939pt x 243.35263pt.
 [17<./Article_TiN_arxiv/InPlaneDist.jpg>]
<Article_TiN_arxiv/InPlaneDist-SIMS.jpg, id=325, 241.42282pt x 210.29485pt>
File: Article_TiN_arxiv/InPlaneDist-SIMS.jpg Graphic file (type jpg)
<use Article_TiN_arxiv/InPlaneDist-SIMS.jpg>
Package luatex.def Info: Article_TiN_arxiv/InPlaneDist-SIMS.jpg  used on input l
ine 205.
(luatex.def)             Requested size: 241.42223pt x 210.29431pt.
<Article_TiN_arxiv/TS-change.jpg, id=327, 212.82852pt x 166.61916pt>
File: Article_TiN_arxiv/TS-change.jpg Graphic file (type jpg)
<use Article_TiN_arxiv/TS-change.jpg>
Package luatex.def Info: Article_TiN_arxiv/TS-change.jpg  used on input line 216
.
(luatex.def)             Requested size: 212.828pt x 166.61874pt.
 [18<./Article_TiN_arxiv/InPlaneDist-SIMS.jpg>]
Overfull \hbox (5.50356pt too wide) in paragraph at lines 221--221
[]\T1/lmr/bx/n/17.28 PROP-ER-TIES OF THE SCPW RES-ONATORS 
 []

[19] [20<./Article_TiN_arxiv/TS-change.jpg>] [21] [22]
<Article_TiN_arxiv/Qi-Np-Strain.jpg, id=359, 241.48148pt x 166.5948pt>
File: Article_TiN_arxiv/Qi-Np-Strain.jpg Graphic file (type jpg)
<use Article_TiN_arxiv/Qi-Np-Strain.jpg>
Package luatex.def Info: Article_TiN_arxiv/Qi-Np-Strain.jpg  used on input line 
232.
(luatex.def)             Requested size: 241.48088pt x 166.59439pt.
 [23<./Article_TiN_arxiv/Qi-Np-Strain.jpg>] [24] [25])
(./Article_Vortex_arxiv/DielectricFluxTrap_arxiv_thesis.tex [26] [27] [28]
<Article_Vortex_arxiv/DielectricFluxTrap_ExpSchematic_arxiv_Rev2.pdf, id=394, 41
2.54124pt x 950.55125pt>
File: Article_Vortex_arxiv/DielectricFluxTrap_ExpSchematic_arxiv_Rev2.pdf Graphi
c file (type pdf)
<use Article_Vortex_arxiv/DielectricFluxTrap_ExpSchematic_arxiv_Rev2.pdf>
Package luatex.def Info: Article_Vortex_arxiv/DielectricFluxTrap_ExpSchematic_ar
xiv_Rev2.pdf  used on input line 84.
(luatex.def)             Requested size: 200.0pt x 460.82825pt.

[29] [30<./Article_Vortex_arxiv/DielectricFluxTrap_ExpSchematic_arxiv_Rev2.pdf>]
<Article_Vortex_arxiv/DielectricFluxTrap_ExpData_arxiv_Rev2c_proof_revision1.pdf
, id=409, 728.7225pt x 604.2575pt>
File: Article_Vortex_arxiv/DielectricFluxTrap_ExpData_arxiv_Rev2c_proof_revision
1.pdf Graphic file (type pdf)
<use Article_Vortex_arxiv/DielectricFluxTrap_ExpData_arxiv_Rev2c_proof_revision1
.pdf>
Package luatex.def Info: Article_Vortex_arxiv/DielectricFluxTrap_ExpData_arxiv_R
ev2c_proof_revision1.pdf  used on input line 99.
(luatex.def)             Requested size: 400.0pt x 331.6788pt.
 [31] [32<./Article_Vortex_arxiv/DielectricFluxTrap_ExpData_arxiv_Rev2c_proof_re
vision1.pdf>] [33]
Overfull \hbox (9.47696pt too wide) in paragraph at lines 121--122
\T1/lmr/m/n/12 anal-y-sis con-trol-ling for the dif-fer-ence be-tween the MBE a
nd ebeam films.[[]]
 []

[34] [35] [36]
warning  (pdf backend): ignoring duplicate destination with the name 'equation.0
.1'
<Article_Vortex_arxiv/DielectricFluxTrap_Supp_Rev2_basicfit.jpg, id=1814, 561.48
232pt x 254.7578pt>
File: Article_Vortex_arxiv/DielectricFluxTrap_Supp_Rev2_basicfit.jpg Graphic fil
e (type jpg)
<use Article_Vortex_arxiv/DielectricFluxTrap_Supp_Rev2_basicfit.jpg>
Package luatex.def Info: Article_Vortex_arxiv/DielectricFluxTrap_Supp_Rev2_basic
fit.jpg  used on input line 161.
(luatex.def)             Requested size: 240.0pt x 108.89453pt.

warning  (pdf backend): ignoring duplicate destination with the name 'figure.0.1
'

warning  (pdf backend): ignoring duplicate destination with the name 'figure.0.1
'
[37

]
<Article_Vortex_arxiv/DielectricFluxTrap_Supp_Rev2_qnovortex.pdf, id=1826, 1439.
3775pt x 778.91pt>
File: Article_Vortex_arxiv/DielectricFluxTrap_Supp_Rev2_qnovortex.pdf Graphic fi
le (type pdf)
<use Article_Vortex_arxiv/DielectricFluxTrap_Supp_Rev2_qnovortex.pdf>
Package luatex.def Info: Article_Vortex_arxiv/DielectricFluxTrap_Supp_Rev2_qnovo
rtex.pdf  used on input line 176.
(luatex.def)             Requested size: 230.0pt x 124.46175pt.

warning  (pdf backend): ignoring duplicate destination with the name 'figure.0.2
'

warning  (pdf backend): ignoring duplicate destination with the name 'figure.0.2
'
<Article_Vortex_arxiv/DielectricFluxTrap_Supp_Rev2_meander.jpg, id=1828, 1292.83
pt x 969.6225pt>
File: Article_Vortex_arxiv/DielectricFluxTrap_Supp_Rev2_meander.jpg Graphic file
 (type jpg)
<use Article_Vortex_arxiv/DielectricFluxTrap_Supp_Rev2_meander.jpg>
Package luatex.def Info: Article_Vortex_arxiv/DielectricFluxTrap_Supp_Rev2_meand
er.jpg  used on input line 186.
(luatex.def)             Requested size: 240.0pt x 179.99875pt.

warning  (pdf backend): ignoring duplicate destination with the name 'figure.0.3
'

warning  (pdf backend): ignoring duplicate destination with the name 'figure.0.3
'
[38<./Article_Vortex_arxiv/DielectricFluxTrap_Supp_Rev2_basicfit.jpg>] [39<./Art
icle_Vortex_arxiv/DielectricFluxTrap_Supp_Rev2_qnovortex.pdf><./Article_Vortex_a
rxiv/DielectricFluxTrap_Supp_Rev2_meander.jpg>]
<Article_Vortex_arxiv/DielectricFluxTrap_Supp_Rev2_fullfield.pdf, id=2414, 1548.
78625pt x 794.97pt>
File: Article_Vortex_arxiv/DielectricFluxTrap_Supp_Rev2_fullfield.pdf Graphic fi
le (type pdf)
<use Article_Vortex_arxiv/DielectricFluxTrap_Supp_Rev2_fullfield.pdf>
Package luatex.def Info: Article_Vortex_arxiv/DielectricFluxTrap_Supp_Rev2_fullf
ield.pdf  used on input line 198.
(luatex.def)             Requested size: 240.0pt x 123.18268pt.

warning  (pdf backend): ignoring duplicate destination with the name 'figure.0.4
'

warning  (pdf backend): ignoring duplicate destination with the name 'figure.0.4
'
[40<./Article_Vortex_arxiv/DielectricFluxTrap_Supp_Rev2_fullfield.pdf>]
warning  (pdf backend): ignoring duplicate destination with the name 'table.0.1'


warning  (pdf backend): ignoring duplicate destination with the name 'table.0.1'

) (./ch_noise/noiseCalBiasT_spec.tex [41]
warning  (pdf backend): ignoring duplicate destination with the name 'figure.0.5
'

warning  (pdf backend): ignoring duplicate destination with the name 'figure.0.6
'
[42]
<ch_noise/NoiseCalBiasT_PCB_Drawing1.png, id=2476, 963.6pt x 722.7pt>
File: ch_noise/NoiseCalBiasT_PCB_Drawing1.png Graphic file (type png)
<use ch_noise/NoiseCalBiasT_PCB_Drawing1.png>
Package luatex.def Info: ch_noise/NoiseCalBiasT_PCB_Drawing1.png  used on input 
line 132.
(luatex.def)             Requested size: 451.68752pt x 338.76479pt.

warning  (pdf backend): ignoring duplicate destination with the name 'figure.0.7
'

warning  (pdf backend): ignoring duplicate destination with the name 'figure.0.7
'
[43] [44<./ch_noise/NoiseCalBiasT_PCB_Drawing1.png>] [45]
<ch_noise/NoiseCalBiasT_SPICE_Circuit1.png, id=2498, 963.6pt x 722.7pt>
File: ch_noise/NoiseCalBiasT_SPICE_Circuit1.png Graphic file (type png)
<use ch_noise/NoiseCalBiasT_SPICE_Circuit1.png>
Package luatex.def Info: ch_noise/NoiseCalBiasT_SPICE_Circuit1.png  used on inpu
t line 165.
(luatex.def)             Requested size: 451.68752pt x 338.76479pt.

warning  (pdf backend): ignoring duplicate destination with the name 'figure.0.8
'

warning  (pdf backend): ignoring duplicate destination with the name 'figure.0.8
'
<ch_noise/NoiseCalBiasT_SPICE_Sim1.png, id=2499, 1633.10126pt x 888.31876pt>
File: ch_noise/NoiseCalBiasT_SPICE_Sim1.png Graphic file (type png)
<use ch_noise/NoiseCalBiasT_SPICE_Sim1.png>
Package luatex.def Info: ch_noise/NoiseCalBiasT_SPICE_Sim1.png  used on input li
ne 174.
(luatex.def)             Requested size: 451.68752pt x 245.69131pt.

warning  (pdf backend): ignoring duplicate destination with the name 'figure.0.9
'

warning  (pdf backend): ignoring duplicate destination with the name 'figure.0.9
'
[46<./ch_noise/NoiseCalBiasT_SPICE_Circuit1.png>] [47<./ch_noise/NoiseCalBiasT_S
PICE_Sim1.png>]
<ch_noise/NoiseCalBiasT_SPICE_Circuit2_parasitic.png, id=2509, 1635.10875pt x 10
29.8475pt>
File: ch_noise/NoiseCalBiasT_SPICE_Circuit2_parasitic.png Graphic file (type png
)
<use ch_noise/NoiseCalBiasT_SPICE_Circuit2_parasitic.png>
Package luatex.def Info: ch_noise/NoiseCalBiasT_SPICE_Circuit2_parasitic.png  us
ed on input line 182.
(luatex.def)             Requested size: 451.68752pt x 284.48964pt.

warning  (pdf backend): ignoring duplicate destination with the name 'figure.0.1
0'

warning  (pdf backend): ignoring duplicate destination with the name 'figure.0.1
0'
<ch_noise/NoiseCalBiasT_SPICE_Sim2_parasitic.png, id=2510, 1635.10875pt x 1029.8
475pt>
File: ch_noise/NoiseCalBiasT_SPICE_Sim2_parasitic.png Graphic file (type png)
<use ch_noise/NoiseCalBiasT_SPICE_Sim2_parasitic.png>
Package luatex.def Info: ch_noise/NoiseCalBiasT_SPICE_Sim2_parasitic.png  used o
n input line 188.
(luatex.def)             Requested size: 451.68752pt x 284.48964pt.

warning  (pdf backend): ignoring duplicate destination with the name 'figure.0.1
1'

warning  (pdf backend): ignoring duplicate destination with the name 'figure.0.1
1'
<ch_noise/NoiseCalBiasT_SPICE_Sim2_parasitic_10K.png, id=2511, 1635.10875pt x 10
29.8475pt>
File: ch_noise/NoiseCalBiasT_SPICE_Sim2_parasitic_10K.png Graphic file (type png
)
<use ch_noise/NoiseCalBiasT_SPICE_Sim2_parasitic_10K.png>
Package luatex.def Info: ch_noise/NoiseCalBiasT_SPICE_Sim2_parasitic_10K.png  us
ed on input line 196.
(luatex.def)             Requested size: 451.68752pt x 284.48964pt.
) (./analog_control/analog_control_content.tex [48<./ch_noise/NoiseCalBiasT_SPIC
E_Circuit2_parasitic.png>] [49<./ch_noise/NoiseCalBiasT_SPICE_Sim2_parasitic.png
>] [50<./ch_noise/NoiseCalBiasT_SPICE_Sim2_parasitic_10K.png>] [51] [52]
[53] [54] [55] [56]
Overfull \hbox (178.58607pt too wide) detected at line 407
[]  \OT1/cmr/m/n/12 =[]\OMS/cmsy/m/n/12 )  [] []  \OT1/cmr/m/n/12 =[]\OMS/cmsy/
m/n/12 )  [] []  \OT1/cmr/m/n/12 =[]\OMS/cmsy/m/n/12 )  []
 []

[57] [58] [59] [60]
Overfull \hbox (71.93398pt too wide) detected at line 654
[] [] [] [] [] [] [] []  [] [] [] [] [] []  [] [] [] [] [] [] []  [] [] [] []
 []

[61] [62] [63]) [64]
LaTeX Font Info:    Try loading font information for T1+lmtt on input line 49.
 (/usr/local/texlive/2018/texmf-dist/tex/latex/lm/t1lmtt.fd
File: t1lmtt.fd 2009/10/30 v1.6 Font defs for Latin Modern
) [65

]
Overfull \hbox (12.58517pt too wide) in paragraph at lines 50--50
\T1/lmr/m/n/12 near-infrared as-tro-physics. \T1/lmr/m/it/12 Opt. Ex-press \T1/
lmr/bx/n/12 20, \T1/lmr/m/n/12 15031511. [][]$\T1/lmtt/m/n/12 http : / / www .
 opticsexpress .
 []

[66] [67] [68] [69] [70]
Overfull \hbox (12.58517pt too wide) in paragraph at lines 50--50
\T1/lmr/m/n/12 near-infrared as-tro-physics. \T1/lmr/m/it/12 Opt. Ex-press \T1/
lmr/bx/n/12 20, \T1/lmr/m/n/12 15031511. [][]$\T1/lmtt/m/n/12 http : / / www .
 opticsexpress .
 []


Overfull \hbox (3.56543pt too wide) in paragraph at lines 50--50
\T1/lmr/m/it/12 Phys. Rev. Lett. \T1/lmr/bx/n/12 112, \T1/lmr/m/n/12 190504. []
[]$\T1/lmtt/m/n/12 https : / / link . aps . org / doi / 10 . 1103 / PhysRevLett
 .
 []

[71] [72] [73] [74] [75]
Package atveryend Info: Empty hook `BeforeClearDocument' on input line 51.
Package atveryend Info: Empty hook `AfterLastShipout' on input line 51.
 (./main_UCSB_submission.aux)
Package atveryend Info: Executing hook `AtVeryEndDocument' on input line 51.
Package atveryend Info: Executing hook `AtEndAfterFileList' on input line 51.
Package rerunfilecheck Info: File `main_UCSB_submission.out' has not changed.
(rerunfilecheck)             Checksum: 0C311A4C5CD83377EE70C9B89258B428;1907.


LaTeX Warning: There were multiply-defined labels.

Package logreq Info: Writing requests to 'main_UCSB_submission.run.xml'.

\openout1 = main_UCSB_submission.run.xml
))

Here is how much of LuaTeX's memory you used:
 33621 strings out of 494383
 125171,1373583 words of node,token memory allocated
 1442 words of node memory still in use:
   6 hlist, 2 vlist, 2 rule, 2 glue, 4 kern, 1 glyph, 188 attribute, 60 glue_spe
c, 188 attribute_list, 1 write, 32 pdf_action nodes
   avail lists: 1:3,2:4058,3:1043,4:166,5:222,6:24,7:4031,8:160,9:471,10:25,11:2
89,12:2
 36271 multiletter control sequences out of 65536+600000
 49 fonts using 3140335 bytes
 59i,13n,55p,2438b,1321s stack positions out of 5000i,500n,10000p,200000b,100000s
{/usr/local/texlive/2018/texmf-dist/fonts/enc/dvips/lm/lm-ec.enc}{/usr/local/tex
live/2018/texmf-dist/fonts/enc/dvips/lm/lm-mathsy.enc}</usr/local/texlive/2018/t
exmf-dist/fonts/type1/public/amsfonts/cm/cmex10.pfb></usr/local/texlive/2018/tex
mf-dist/fonts/type1/public/amsfonts/cmextra/cmex8.pfb></usr/local/texlive/2018/t
exmf-dist/fonts/type1/public/amsfonts/cm/cmmi12.pfb></usr/local/texlive/2018/tex
mf-dist/fonts/type1/public/amsfonts/cm/cmmi6.pfb></usr/local/texlive/2018/texmf-
dist/fonts/type1/public/amsfonts/cm/cmmi8.pfb></usr/local/texlive/2018/texmf-dis
t/fonts/type1/public/amsfonts/cm/cmr12.pfb></usr/local/texlive/2018/texmf-dist/f
onts/type1/public/amsfonts/cm/cmr6.pfb></usr/local/texlive/2018/texmf-dist/fonts
/type1/public/amsfonts/cm/cmr8.pfb></usr/local/texlive/2018/texmf-dist/fonts/typ
e1/public/amsfonts/cm/cmsy10.pfb></usr/local/texlive/2018/texmf-dist/fonts/type1
/public/amsfonts/cm/cmsy6.pfb></usr/local/texlive/2018/texmf-dist/fonts/type1/pu
blic/amsfonts/cm/cmsy8.pfb></usr/local/texlive/2018/texmf-dist/fonts/type1/publi
c/lm/lmbx12.pfb></usr/local/texlive/2018/texmf-dist/fonts/type1/public/lm/lmcsc1
0.pfb></usr/local/texlive/2018/texmf-dist/fonts/type1/public/lm/lmr10.pfb></usr/
local/texlive/2018/texmf-dist/fonts/type1/public/lm/lmr12.pfb></usr/local/texliv
e/2018/texmf-dist/fonts/type1/public/lm/lmr6.pfb></usr/local/texlive/2018/texmf-
dist/fonts/type1/public/lm/lmr8.pfb></usr/local/texlive/2018/texmf-dist/fonts/ty
pe1/public/lm/lmri12.pfb></usr/local/texlive/2018/texmf-dist/fonts/type1/public/
lm/lmsy10.pfb></usr/local/texlive/2018/texmf-dist/fonts/type1/public/lm/lmtt12.p
fb></usr/local/texlive/2018/texmf-dist/fonts/type1/public/amsfonts/symbols/msam1
0.pfb></usr/local/texlive/2018/texmf-dist/fonts/type1/public/amsfonts/symbols/ms
bm10.pfb></usr/local/texlive/2018/texmf-dist/fonts/type1/public/amsfonts/symbols
/msbm7.pfb>
Output written on main_UCSB_submission.pdf (83 pages, 19731113 bytes).

PDF statistics: 2884 PDF objects out of 2984 (max. 8388607)
 2073 compressed objects within 21 object streams
 203 named destinations out of 1000 (max. 131072)
 240 words of extra memory for PDF output out of 10000 (max. 100000000)

