\BOOKMARK [0][-]{Contents.0}{Contents}{}% 1
\BOOKMARK [0][-]{chapter.1}{Introduction to quantum computing}{}% 2
\BOOKMARK [1][-]{section.1.1}{what is a qubit}{chapter.1}% 3
\BOOKMARK [1][-]{section.1.2}{applications}{chapter.1}% 4
\BOOKMARK [1][-]{section.1.3}{Implementations of analog}{chapter.1}% 5
\BOOKMARK [1][-]{section.1.4}{Challenges}{chapter.1}% 6
\BOOKMARK [1][-]{section.1.5}{gates vs analog}{chapter.1}% 7
\BOOKMARK [0][-]{chapter.2}{Introduction to superconducting qubits}{}% 8
\BOOKMARK [1][-]{section.2.1}{Resonator}{chapter.2}% 9
\BOOKMARK [2][-]{subsection.2.1.1}{Basic Physics}{section.2.1}% 10
\BOOKMARK [1][-]{section.2.2}{Josephson Junction}{chapter.2}% 11
\BOOKMARK [1][-]{section.2.3}{Transmon}{chapter.2}% 12
\BOOKMARK [2][-]{subsection.2.3.1}{Hamiltonian}{section.2.3}% 13
\BOOKMARK [1][-]{section.2.4}{gmon}{chapter.2}% 14
\BOOKMARK [2][-]{subsection.2.4.1}{Modelling the gmon}{section.2.4}% 15
\BOOKMARK [1][-]{section.2.5}{coherence}{chapter.2}% 16
\BOOKMARK [1][-]{section.2.6}{quantum dynamics}{chapter.2}% 17
\BOOKMARK [1][-]{section.2.7}{Hamiltonians}{chapter.2}% 18
\BOOKMARK [2][-]{subsection.2.7.1}{Linear Resonator}{section.2.7}% 19
\BOOKMARK [2][-]{subsection.2.7.2}{Transmon}{section.2.7}% 20
\BOOKMARK [2][-]{subsection.2.7.3}{XY control}{section.2.7}% 21
\BOOKMARK [2][-]{subsection.2.7.4}{Sigma Z}{section.2.7}% 22
\BOOKMARK [2][-]{subsection.2.7.5}{Dispersive shift from readout resonator}{section.2.7}% 23
\BOOKMARK [2][-]{subsection.2.7.6}{Dispersive readout}{section.2.7}% 24
\BOOKMARK [2][-]{subsection.2.7.7}{How does changing the copuler bias change sigma z?}{section.2.7}% 25
\BOOKMARK [2][-]{subsection.2.7.8}{How does capacitive coupling give hopping}{section.2.7}% 26
\BOOKMARK [2][-]{subsection.2.7.9}{How does "mode" coupling give a hopping term?}{section.2.7}% 27
\BOOKMARK [2][-]{subsection.2.7.10}{Inductive coupling}{section.2.7}% 28
\BOOKMARK [2][-]{subsection.2.7.11}{Inductive tail}{section.2.7}% 29
\BOOKMARK [1][-]{section.2.8}{additional topics}{chapter.2}% 30
\BOOKMARK [0][-]{chapter.3}{TiN}{}% 31
\BOOKMARK [1][-]{section.3.1}{Introduction}{chapter.3}% 32
\BOOKMARK [1][-]{section.3.2}{Film preparation}{chapter.3}% 33
\BOOKMARK [1][-]{section.3.3}{Basic properties}{chapter.3}% 34
\BOOKMARK [1][-]{section.3.4}{Properties of stoichiometric films}{chapter.3}% 35
\BOOKMARK [1][-]{section.3.5}{In-plane distribution}{chapter.3}% 36
\BOOKMARK [1][-]{section.3.6}{T-S distance dependence}{chapter.3}% 37
\BOOKMARK [1][-]{section.3.7}{Properties of the scpw resonators}{chapter.3}% 38
\BOOKMARK [1][-]{section.3.8}{Summary}{chapter.3}% 39
\BOOKMARK [0][-]{chapter.4}{Vortex}{}% 40
\BOOKMARK [0][-]{chapter.5}{MBL}{}% 41
\BOOKMARK [1][-]{section.5.1}{Introduction}{chapter.5}% 42
\BOOKMARK [1][-]{section.5.2}{Breakdown of ergodicity}{chapter.5}% 43
\BOOKMARK [1][-]{section.5.3}{Interferometric methods}{chapter.5}% 44
\BOOKMARK [1][-]{section.5.4}{Entanglement entropy}{chapter.5}% 45
\BOOKMARK [1][-]{section.5.5}{Growth and preservation of entanglement}{chapter.5}% 46
\BOOKMARK [0][-]{chapter.6}{Outlook}{}% 47
\BOOKMARK [1][-]{section.6.1}{The promise of quantum computing}{chapter.6}% 48
\BOOKMARK [1][-]{section.6.2}{The role of analog in next generation quantum computing}{chapter.6}% 49
\BOOKMARK [1][-]{section.6.3}{Challenges facing analog quantum simulators}{chapter.6}% 50
\BOOKMARK [0][-]{Appendix.a.A}{Appendix Precision frequency noise metrology of a superconducting qubit}{}% 51
\BOOKMARK [1][-]{section.a.A.1}{Statement of the problem}{Appendix.a.A}% 52
\BOOKMARK [1][-]{section.a.A.2}{The single shot Ramsey technique}{Appendix.a.A}% 53
\BOOKMARK [2][-]{subsection.a.A.2.1}{March meeting slides}{section.a.A.2}% 54
\BOOKMARK [2][-]{subsection.a.A.2.2}{mathematical derivation BrickRedcite Dan unpublished and Fei}{section.a.A.2}% 55
\BOOKMARK [1][-]{section.a.A.3}{microwave bias T design}{Appendix.a.A}% 56
\BOOKMARK [2][-]{subsection.a.A.3.1}{Schematic}{section.a.A.3}% 57
\BOOKMARK [2][-]{subsection.a.A.3.2}{Physical Implementation}{section.a.A.3}% 58
\BOOKMARK [2][-]{subsection.a.A.3.3}{SPICE Simulation}{section.a.A.3}% 59
\BOOKMARK [0][-]{Appendix.a.B}{Appendix Analog Control}{}% 60
\BOOKMARK [1][-]{section.a.B.1}{Spectroscopy}{Appendix.a.B}% 61
\BOOKMARK [1][-]{section.a.B.2}{Many-body Ramsey spectroscopy}{Appendix.a.B}% 62
\BOOKMARK [1][-]{section.a.B.3}{calibration data}{Appendix.a.B}% 63
\BOOKMARK [1][-]{section.a.B.4}{Notes in progress}{Appendix.a.B}% 64
\BOOKMARK [2][-]{subsection.a.B.4.1}{simple example}{section.a.B.4}% 65
\BOOKMARK [1][-]{section.a.B.5}{Doublon Spectroscopy}{Appendix.a.B}% 66
\BOOKMARK [1][-]{section.a.B.6}{Application to Unitary Tomography \(2 qubit particle conserving evolution\)}{Appendix.a.B}% 67
\BOOKMARK [0][-]{Appendix.a.C}{Appendix Vortex-supp}{}% 68
\BOOKMARK [1][-]{section.a.C.1}{quality factor extraction}{Appendix.a.C}% 69
\BOOKMARK [1][-]{section.a.C.2}{Residual magnetic loss}{Appendix.a.C}% 70
\BOOKMARK [1][-]{section.a.C.3}{Hole pattern design rules}{Appendix.a.C}% 71
\BOOKMARK [1][-]{section.a.C.4}{Dielectric loss estimate}{Appendix.a.C}% 72
\BOOKMARK [0][-]{Appendix.a.D}{Appendix MBL supp}{}% 73
\BOOKMARK [1][-]{section.a.D.1}{Device and calibration, Figs.S1-S3}{Appendix.a.D}% 74
\BOOKMARK [2][-]{subsection.a.D.1.1}{Circuit schematic}{section.a.D.1}% 75
\BOOKMARK [2][-]{subsection.a.D.1.2}{Single qubit gate error rate}{section.a.D.1}% 76
\BOOKMARK [2][-]{subsection.a.D.1.3}{Manybody Hamiltonian benchmarking}{section.a.D.1}% 77
\BOOKMARK [1][-]{section.a.D.2}{Transport measurements, Figs.S4-S6}{Appendix.a.D}% 78
\BOOKMARK [2][-]{subsection.a.D.2.1}{Transport measurement instances}{section.a.D.2}% 79
\BOOKMARK [2][-]{subsection.a.D.2.2}{Decoherence effects}{section.a.D.2}% 80
\BOOKMARK [2][-]{subsection.a.D.2.3}{Two state occupation}{section.a.D.2}% 81
\BOOKMARK [1][-]{section.a.D.3}{Interferometric protocols, Figs.S7-S10}{Appendix.a.D}% 82
\BOOKMARK [2][-]{subsection.a.D.3.1}{Echo pulse sequences}{section.a.D.3}% 83
\BOOKMARK [2][-]{subsection.a.D.3.2}{Maximum local occupation}{section.a.D.3}% 84
\BOOKMARK [2][-]{subsection.a.D.3.3}{Comparison with numerics for echo experiments}{section.a.D.3}% 85
\BOOKMARK [2][-]{subsection.a.D.3.4}{Extended data}{section.a.D.3}% 86
\BOOKMARK [1][-]{section.a.D.4}{Entanglement measures}{Appendix.a.D}% 87
\BOOKMARK [1][-]{section.a.D.5}{Density matrix evolution numerics comparison, Figs.S11 - S15}{Appendix.a.D}% 88
\BOOKMARK [2][-]{subsection.a.D.5.1}{Comparison with numerics for superposition initial state.}{section.a.D.5}% 89
\BOOKMARK [2][-]{subsection.a.D.5.2}{Comparison with numerics for bell initial state.}{section.a.D.5}% 90
\BOOKMARK [2][-]{subsection.a.D.5.3}{Comparison with numerics for superposition initial state.}{section.a.D.5}% 91
\BOOKMARK [2][-]{subsection.a.D.5.4}{Comparison with numerics for bell initial state.}{section.a.D.5}% 92
\BOOKMARK [2][-]{subsection.a.D.5.5}{Long time numerics for superposition initial state.}{section.a.D.5}% 93
\BOOKMARK [1][-]{section.a.D.6}{Sensitivity to nonlinearity U, Figs.S16-S18}{Appendix.a.D}% 94
\BOOKMARK [2][-]{subsection.a.D.6.1}{Sensitivity of SvNAB to nonlinearity U}{section.a.D.6}% 95
\BOOKMARK [2][-]{subsection.a.D.6.2}{Sensitivity of entanglement of formation to nonlinearity U}{section.a.D.6}% 96
\BOOKMARK [2][-]{subsection.a.D.6.3}{Sensitivity of z to nonlinearity U}{section.a.D.6}% 97
\BOOKMARK [1][-]{section.a.D.7}{Extended data for 1D qubit array, Fig.S19}{Appendix.a.D}% 98
\BOOKMARK [2][-]{subsection.a.D.7.1}{Distillable entanglement in MBL and diffusive regimes}{section.a.D.7}% 99
\BOOKMARK [1][-]{section.a.D.8}{Extended data for 2D qubit arrays, Fig.S20}{Appendix.a.D}% 100
\BOOKMARK [2][-]{subsection.a.D.8.1}{Onsite population for 2D qubit arrays}{section.a.D.8}% 101
