This is LuaTeX, Version 1.07.0 (TeX Live 2018)  (format=lualatex 2019.2.18)  3 DEC 2019 13:54
 restricted system commands enabled.
**main_UCSB_submission.tex
(/usr/local/texlive/2018/texmf-dist/tex/latex/tools/q.tex
LaTeX2e <2018-12-01>
Lua module: luaotfload-main 2019-01-28 2.95 luaotfload entry point
Lua module: luaotfload-init 2019-01-28 2.95 luaotfload submodule / initializatio
n
Lua module: lualibs 2019-01-28 2.63 ConTeXt Lua standard libraries.
Lua module: lualibs-extended 2019-01-28 2.63 ConTeXt Lua libraries -- extended c
ollection.
Lua module: luaotfload-log 2019-01-28 2.95 luaotfload submodule / logging
Lua module: luaotfload-parsers 2019-01-28 2.95 luaotfload submodule / filelist
Lua module: luaotfload-configuration 2019-01-28 2.95 luaotfload submodule / conf
ig file reader
luaotfload | conf : Root cache directory is /Users/ben/Library/texlive/2018/texm
f-var/luatex-cache/generic/names.
luaotfload | init : Loading fontloader “fontloader-2019-01-28.lua” from kpse
-resolved path “/usr/local/texlive/2018/texmf-dist/tex/luatex/luaotfload/fontl
oader-2019-01-28.lua”.
Lua-only attribute luaotfload@state = 1
Lua-only attribute luaotfload@noligature = 2
Lua-only attribute luaotfload@syllabe = 3
luaotfload | init : Context OpenType loader version “3.107”
Inserting `luaotfload.node_processor' at position 1 in `pre_linebreak_filter'.
Inserting `luaotfload.node_processor' at position 1 in `hpack_filter'.
Lua module: luaotfload-loaders 2019-01-28 2.95 luaotfload submodule / callback h
andling
Inserting `luaotfload.define_font' at position 1 in `define_font'.
Lua module: luaotfload-database 2019-01-28 2.95 luaotfload submodule / database
Lua module: luaotfload-colors 2019-01-28 2.95 luaotfload submodule / color
Lua-only attribute luaotfload_color_attribute = 4
Lua module: luaotfload-resolvers 2019-01-28 2.95 luaotfload submodule / resolver
s
luaotfload | conf : Root cache directory is /Users/ben/Library/texlive/2018/texm
f-var/luatex-cache/generic/names.
Lua module: luaotfload-features 2019-01-28 2.95 luaotfload submodule / features
Lua module: luaotfload-letterspace 2019-01-28 2.95 luaotfload submodule / color
Lua module: luaotfload-auxiliary 2019-01-28 2.95 luaotfload submodule / auxiliar
y functions
Inserting `luaotfload.aux.set_sscale_dimens' at position 1 in `luaotfload.patch_
font'.
Inserting `luaotfload.aux.patch_cambria_domh' at position 2 in `luaotfload.patch
_font'.
Inserting `luaotfload.aux.fixup_fontdata' at position 1 in `luaotfload.patch_fon
t_unsafe'.
Inserting `luaotfload.aux.set_capheight' at position 3 in `luaotfload.patch_font
'.
Inserting `luaotfload.rewrite_fontname' at position 4 in `luaotfload.patch_font'
.
luaotfload | main : initialization completed in 0.109 seconds
File ignored
)
! Emergency stop.
<*> main_UCSB_submission.tex
                         
*** (job aborted, no legal \end found)



Here is how much of LuaTeX's memory you used:
 26 strings out of 494383
 100000,89155 words of node,token memory allocated 272 words of node memory still in use:
   1 dir, 3 kern, 1 glyph, 1 attribute, 35 glue_spec, 1 attribute_list nodes
   avail lists: 2:10,3:1,4:1
 4331 multiletter control sequences out of 65536+600000
 14 fonts using 591559 bytes
 5i,0n,1p,103b,15s stack positions out of 5000i,500n,10000p,200000b,100000s
!  ==> Fatal error occurred, no output PDF file produced!
